This file contains any messages produced by compilers while
running configure, to aid debugging if configure makes a mistake.

It was created by pbc configure 0.5.6, which was
generated by GNU Autoconf 2.63.  Invocation command line was

  $ ./configure 

## --------- ##
## Platform. ##
## --------- ##

hostname = matthew-greens-macbook-pro.local
uname -m = i386
uname -r = 9.8.0
uname -s = Darwin
uname -v = Darwin Kernel Version 9.8.0: Wed Jul 15 16:55:01 PDT 2009; root:xnu-1228.15.4~1/RELEASE_I386

/usr/bin/uname -p = i386
/bin/uname -X     = unknown

/bin/arch              = unknown
/usr/bin/arch -k       = unknown
/usr/convex/getsysinfo = unknown
/usr/bin/hostinfo      = Mach kernel version:
	 Darwin Kernel Version 9.8.0: Wed Jul 15 16:55:01 PDT 2009; root:xnu-1228.15.4~1/RELEASE_I386
Kernel configured for up to 2 processors.
2 processors are physically available.
2 processors are logically available.
Processor type: i486 (Intel 80486)
Processors active: 0 1
Primary memory available: 4.00 gigabytes
Default processor set: 95 tasks, 462 threads, 2 processors
Load average: 0.39, Mach factor: 1.60
/bin/machine           = unknown
/usr/bin/oslevel       = unknown
/bin/universe          = unknown

PATH: /usr/bin
PATH: /bin
PATH: /usr/sbin
PATH: /sbin
PATH: /usr/local/bin
PATH: /usr/local/texlive/2008/bin/universal-darwin
PATH: /usr/texbin
PATH: /usr/X11/bin


## ----------- ##
## Core tests. ##
## ----------- ##

configure:2068: checking for a BSD-compatible install
configure:2136: result: /usr/bin/install -c
configure:2147: checking whether build environment is sane
configure:2190: result: yes
configure:2215: checking for a thread-safe mkdir -p
configure:2254: result: ./install-sh -c -d
configure:2267: checking for gawk
configure:2297: result: no
configure:2267: checking for mawk
configure:2297: result: no
configure:2267: checking for nawk
configure:2297: result: no
configure:2267: checking for awk
configure:2283: found /usr/bin/awk
configure:2294: result: awk
configure:2305: checking whether make sets $(MAKE)
configure:2327: result: yes
configure:2545: checking build system type
configure:2563: result: i386-apple-darwin9.8.0
configure:2585: checking host system type
configure:2600: result: i386-apple-darwin9.8.0
configure:2634: checking for style of include used by make
configure:2662: result: GNU
configure:2732: checking for gcc
configure:2748: found /usr/bin/gcc
configure:2759: result: gcc
configure:2991: checking for C compiler version
configure:2999: gcc --version >&5
i686-apple-darwin9-gcc-4.0.1 (GCC) 4.0.1 (Apple Inc. build 5490)
Copyright (C) 2005 Free Software Foundation, Inc.
This is free software; see the source for copying conditions.  There is NO
warranty; not even for MERCHANTABILITY or FITNESS FOR A PARTICULAR PURPOSE.

configure:3003: $? = 0
configure:3010: gcc -v >&5
Using built-in specs.
Target: i686-apple-darwin9
Configured with: /var/tmp/gcc/gcc-5490~1/src/configure --disable-checking -enable-werror --prefix=/usr --mandir=/share/man --enable-languages=c,objc,c++,obj-c++ --program-transform-name=/^[cg][^.-]*$/s/$/-4.0/ --with-gxx-include-dir=/include/c++/4.0.0 --with-slibdir=/usr/lib --build=i686-apple-darwin9 --with-arch=apple --with-tune=generic --host=i686-apple-darwin9 --target=i686-apple-darwin9
Thread model: posix
gcc version 4.0.1 (Apple Inc. build 5490)
configure:3014: $? = 0
configure:3021: gcc -V >&5
gcc-4.0: argument to `-V' is missing
configure:3025: $? = 1
configure:3048: checking for C compiler default output file name
configure:3070: gcc -m64 -m64  conftest.c  >&5
configure:3074: $? = 0
configure:3112: result: a.out
configure:3131: checking whether the C compiler works
configure:3141: ./a.out
configure:3145: $? = 0
configure:3164: result: yes
configure:3171: checking whether we are cross compiling
configure:3173: result: no
configure:3176: checking for suffix of executables
configure:3183: gcc -o conftest -m64 -m64  conftest.c  >&5
configure:3187: $? = 0
configure:3213: result: 
configure:3219: checking for suffix of object files
configure:3245: gcc -c -m64 -m64 conftest.c >&5
configure:3249: $? = 0
configure:3274: result: o
configure:3278: checking whether we are using the GNU C compiler
configure:3307: gcc -c -m64 -m64 conftest.c >&5
configure:3314: $? = 0
configure:3331: result: yes
configure:3340: checking whether gcc accepts -g
configure:3370: gcc -c -g -m64 conftest.c >&5
configure:3377: $? = 0
configure:3478: result: yes
configure:3495: checking for gcc option to accept ISO C89
configure:3569: gcc  -c -m64 -m64 conftest.c >&5
configure:3576: $? = 0
configure:3599: result: none needed
configure:3619: checking dependency style of gcc
configure:3710: result: gcc3
configure:3725: checking for a sed that does not truncate output
configure:3791: result: /usr/bin/sed
configure:3809: checking for grep that handles long lines and -e
configure:3869: result: /usr/bin/grep
configure:3874: checking for egrep
configure:3938: result: /usr/bin/grep -E
configure:3943: checking for fgrep
configure:4007: result: /usr/bin/grep -F
configure:4042: checking for ld used by gcc
configure:4109: result: /usr/libexec/gcc/i686-apple-darwin9/4.0.1/ld
configure:4118: checking if the linker (/usr/libexec/gcc/i686-apple-darwin9/4.0.1/ld) is GNU ld
configure:4133: result: no
configure:4145: checking for BSD- or MS-compatible name lister (nm)
configure:4194: result: /usr/bin/nm -p
configure:4312: checking the name lister (/usr/bin/nm -p) interface
configure:4319: gcc -c -m64 -m64 conftest.c >&5
configure:4322: /usr/bin/nm -p "conftest.o"
configure:4325: output
0000000000000000 D _some_variable
configure:4332: result: BSD nm
configure:4335: checking whether ln -s works
configure:4339: result: yes
configure:4347: checking the maximum length of command line arguments
configure:4467: result: 196608
configure:4484: checking whether the shell understands some XSI constructs
configure:4494: result: yes
configure:4498: checking whether the shell understands "+="
configure:4504: result: yes
configure:4539: checking for /usr/libexec/gcc/i686-apple-darwin9/4.0.1/ld option to reload object files
configure:4546: result: -r
configure:4615: checking for objdump
configure:4645: result: no
configure:4674: checking how to recognize dependent libraries
configure:4870: result: pass_all
configure:4930: checking for ar
configure:4946: found /usr/bin/ar
configure:4957: result: ar
configure:5035: checking for strip
configure:5051: found /usr/bin/strip
configure:5062: result: strip
configure:5134: checking for ranlib
configure:5150: found /usr/bin/ranlib
configure:5161: result: ranlib
configure:5251: checking command to parse /usr/bin/nm -p output from gcc object
configure:5369: gcc -c -m64 -m64 conftest.c >&5
configure:5372: $? = 0
configure:5376: /usr/bin/nm -p conftest.o \| sed -n -e 's/^.*[	 ]\([BCDEGRST][BCDEGRST]*\)[	 ][	 ]*\([_A-Za-z][_A-Za-z0-9]*\)$/\1 \2 \2/p' \> conftest.nm
configure:5379: $? = 0
cannot find nm_test_var in conftest.nm
configure:5369: gcc -c -m64 -m64 conftest.c >&5
configure:5372: $? = 0
configure:5376: /usr/bin/nm -p conftest.o \| sed -n -e 's/^.*[	 ]\([BCDEGRST][BCDEGRST]*\)[	 ][	 ]*_\([_A-Za-z][_A-Za-z0-9]*\)$/\1 _\2 \2/p' \> conftest.nm
configure:5379: $? = 0
configure:5433: gcc -o conftest -m64 -m64  conftest.c conftstm.o >&5
configure:5436: $? = 0
configure:5474: result: ok
configure:5768: checking for dsymutil
configure:5784: found /usr/bin/dsymutil
configure:5795: result: dsymutil
configure:5860: checking for nmedit
configure:5876: found /usr/bin/nmedit
configure:5887: result: nmedit
configure:5952: checking for lipo
configure:5968: found /usr/bin/lipo
configure:5979: result: lipo
configure:6044: checking for otool
configure:6060: found /usr/bin/otool
configure:6071: result: otool
configure:6136: checking for otool64
configure:6166: result: no
configure:6211: checking for -single_module linker flag
gcc -m64  -o libconftest.dylib -dynamiclib -Wl,-single_module conftest.c
configure:6238: result: yes
configure:6240: checking for -exported_symbols_list linker flag
configure:6270: gcc -o conftest -m64 -m64  -Wl,-exported_symbols_list,conftest.sym conftest.c  >&5
configure:6277: $? = 0
configure:6299: result: yes
configure:6341: checking how to run the C preprocessor
configure:6381: gcc -E -m64 conftest.c
configure:6388: $? = 0
configure:6419: gcc -E -m64 conftest.c
conftest.c:10:28: error: ac_nonexistent.h: No such file or directory
configure:6426: $? = 1
configure: failed program was:
| /* confdefs.h.  */
| #define PACKAGE_NAME "pbc"
| #define PACKAGE_TARNAME "pbc"
| #define PACKAGE_VERSION "0.5.6"
| #define PACKAGE_STRING "pbc 0.5.6"
| #define PACKAGE_BUGREPORT "blynn@cs.stanford.edu"
| #define PACKAGE "pbc"
| #define VERSION "0.5.6"
| /* end confdefs.h.  */
| #include <ac_nonexistent.h>
configure:6459: result: gcc -E
configure:6488: gcc -E -m64 conftest.c
configure:6495: $? = 0
configure:6526: gcc -E -m64 conftest.c
conftest.c:10:28: error: ac_nonexistent.h: No such file or directory
configure:6533: $? = 1
configure: failed program was:
| /* confdefs.h.  */
| #define PACKAGE_NAME "pbc"
| #define PACKAGE_TARNAME "pbc"
| #define PACKAGE_VERSION "0.5.6"
| #define PACKAGE_STRING "pbc 0.5.6"
| #define PACKAGE_BUGREPORT "blynn@cs.stanford.edu"
| #define PACKAGE "pbc"
| #define VERSION "0.5.6"
| /* end confdefs.h.  */
| #include <ac_nonexistent.h>
configure:6573: checking for ANSI C header files
configure:6603: gcc -c -m64 -m64 conftest.c >&5
configure:6610: $? = 0
configure:6709: gcc -o conftest -m64 -m64  conftest.c  >&5
configure:6713: $? = 0
configure:6719: ./conftest
configure:6723: $? = 0
configure:6741: result: yes
configure:6765: checking for sys/types.h
configure:6786: gcc -c -m64 -m64 conftest.c >&5
configure:6793: $? = 0
configure:6810: result: yes
configure:6765: checking for sys/stat.h
configure:6786: gcc -c -m64 -m64 conftest.c >&5
configure:6793: $? = 0
configure:6810: result: yes
configure:6765: checking for stdlib.h
configure:6786: gcc -c -m64 -m64 conftest.c >&5
configure:6793: $? = 0
configure:6810: result: yes
configure:6765: checking for string.h
configure:6786: gcc -c -m64 -m64 conftest.c >&5
configure:6793: $? = 0
configure:6810: result: yes
configure:6765: checking for memory.h
configure:6786: gcc -c -m64 -m64 conftest.c >&5
configure:6793: $? = 0
configure:6810: result: yes
configure:6765: checking for strings.h
configure:6786: gcc -c -m64 -m64 conftest.c >&5
configure:6793: $? = 0
configure:6810: result: yes
configure:6765: checking for inttypes.h
configure:6786: gcc -c -m64 -m64 conftest.c >&5
configure:6793: $? = 0
configure:6810: result: yes
configure:6765: checking for stdint.h
configure:6786: gcc -c -m64 -m64 conftest.c >&5
configure:6793: $? = 0
configure:6810: result: yes
configure:6765: checking for unistd.h
configure:6786: gcc -c -m64 -m64 conftest.c >&5
configure:6793: $? = 0
configure:6810: result: yes
configure:6828: checking for dlfcn.h
configure:6849: gcc -c -m64 -m64 conftest.c >&5
configure:6856: $? = 0
configure:6873: result: yes
configure:7059: checking for objdir
configure:7074: result: .libs
configure:7366: checking if gcc supports -fno-rtti -fno-exceptions
configure:7384: gcc -c -m64 -m64 -fno-rtti -fno-exceptions conftest.c >&5
cc1: warning: command line option "-fno-rtti" is valid for C++/ObjC++ but not for C
configure:7388: $? = 0
configure:7401: result: no
configure:7421: checking for gcc option to produce PIC
configure:7693: result: -fno-common -DPIC
configure:7705: checking if gcc PIC flag -fno-common -DPIC works
configure:7723: gcc -c -m64 -m64 -fno-common -DPIC -DPIC conftest.c >&5
configure:7727: $? = 0
configure:7740: result: yes
configure:7764: checking if gcc static flag -static works
configure:7792: result: no
configure:7807: checking if gcc supports -c -o file.o
configure:7828: gcc -c -m64 -m64 -o out/conftest2.o conftest.c >&5
configure:7832: $? = 0
configure:7854: result: yes
configure:7862: checking if gcc supports -c -o file.o
configure:7909: result: yes
configure:7942: checking whether the gcc linker (/usr/libexec/gcc/i686-apple-darwin9/4.0.1/ld) supports shared libraries
configure:9017: result: yes
configure:9256: checking dynamic linker characteristics
configure:9951: result: darwin9.8.0 dyld
configure:10053: checking how to hardcode library paths into programs
configure:10078: result: immediate
configure:10911: checking whether stripping libraries is possible
configure:10925: result: yes
configure:10951: checking if libtool supports shared libraries
configure:10953: result: yes
configure:10956: checking whether to build shared libraries
configure:10977: result: yes
configure:10980: checking whether to build static libraries
configure:10984: result: yes
configure:11025: Adding -fnested-functions to CFLAGS
configure:11029: checking for a fink installation at /sw
configure:11041: result: none
configure:11043: You may need to add set CPPFLAGS and LDFLAGS for gmp, etc.
configure:11098: checking for gcc
configure:11125: result: gcc
configure:11357: checking for C compiler version
configure:11365: gcc --version >&5
i686-apple-darwin9-gcc-4.0.1 (GCC) 4.0.1 (Apple Inc. build 5490)
Copyright (C) 2005 Free Software Foundation, Inc.
This is free software; see the source for copying conditions.  There is NO
warranty; not even for MERCHANTABILITY or FITNESS FOR A PARTICULAR PURPOSE.

configure:11369: $? = 0
configure:11376: gcc -v >&5
Using built-in specs.
Target: i686-apple-darwin9
Configured with: /var/tmp/gcc/gcc-5490~1/src/configure --disable-checking -enable-werror --prefix=/usr --mandir=/share/man --enable-languages=c,objc,c++,obj-c++ --program-transform-name=/^[cg][^.-]*$/s/$/-4.0/ --with-gxx-include-dir=/include/c++/4.0.0 --with-slibdir=/usr/lib --build=i686-apple-darwin9 --with-arch=apple --with-tune=generic --host=i686-apple-darwin9 --target=i686-apple-darwin9
Thread model: posix
gcc version 4.0.1 (Apple Inc. build 5490)
configure:11380: $? = 0
configure:11387: gcc -V >&5
gcc-4.0: argument to `-V' is missing
configure:11391: $? = 1
configure:11394: checking whether we are using the GNU C compiler
configure:11447: result: yes
configure:11456: checking whether gcc accepts -g
configure:11594: result: yes
configure:11611: checking for gcc option to accept ISO C89
configure:11715: result: none needed
configure:11735: checking dependency style of gcc
configure:11826: result: gcc3
configure:11846: checking how to run the C preprocessor
configure:11964: result: gcc -E
configure:11993: gcc -E -m64 conftest.c
configure:12000: $? = 0
configure:12031: gcc -E -m64 conftest.c
conftest.c:22:28: error: ac_nonexistent.h: No such file or directory
configure:12038: $? = 1
configure: failed program was:
| /* confdefs.h.  */
| #define PACKAGE_NAME "pbc"
| #define PACKAGE_TARNAME "pbc"
| #define PACKAGE_VERSION "0.5.6"
| #define PACKAGE_STRING "pbc 0.5.6"
| #define PACKAGE_BUGREPORT "blynn@cs.stanford.edu"
| #define PACKAGE "pbc"
| #define VERSION "0.5.6"
| #define STDC_HEADERS 1
| #define HAVE_SYS_TYPES_H 1
| #define HAVE_SYS_STAT_H 1
| #define HAVE_STDLIB_H 1
| #define HAVE_STRING_H 1
| #define HAVE_MEMORY_H 1
| #define HAVE_STRINGS_H 1
| #define HAVE_INTTYPES_H 1
| #define HAVE_STDINT_H 1
| #define HAVE_UNISTD_H 1
| #define HAVE_DLFCN_H 1
| #define LT_OBJDIR ".libs/"
| /* end confdefs.h.  */
| #include <ac_nonexistent.h>
configure:12091: checking for a BSD-compatible install
configure:12159: result: /usr/bin/install -c
configure:12170: checking whether ln -s works
configure:12174: result: yes
configure:12181: checking whether make sets $(MAKE)
configure:12203: result: yes
configure:12216: checking for pow in -lm
configure:12251: gcc -o conftest -fnested-functions -m64  conftest.c -lm   >&5
conftest.c:29: warning: conflicting types for built-in function 'pow'
configure:12258: $? = 0
configure:12279: result: yes
configure:12299: checking for __gmpz_init in -lgmp
configure:12334: gcc -o conftest -fnested-functions -m64  conftest.c -lgmp  -lm  >&5
configure:12341: $? = 0
configure:12362: result: yes
configure:12386: checking for working alloca.h
configure:12413: gcc -o conftest -fnested-functions -m64  conftest.c  >&5
configure:12420: $? = 0
configure:12440: result: yes
configure:12450: checking for alloca
configure:12497: gcc -o conftest -fnested-functions -m64  conftest.c  >&5
configure:12504: $? = 0
configure:12524: result: yes
configure:12761: checking for ANSI C header files
configure:12929: result: yes
configure:12946: checking for stdlib.h
configure:12953: result: yes
configure:12946: checking for string.h
configure:12953: result: yes
configure:12957: checking sys/time.h usability
configure:12974: gcc -c -fnested-functions -m64 conftest.c >&5
configure:12981: $? = 0
configure:12995: result: yes
configure:12999: checking sys/time.h presence
configure:13014: gcc -E -m64 conftest.c
configure:13021: $? = 0
configure:13035: result: yes
configure:13068: checking for sys/time.h
configure:13077: result: yes
configure:13094: checking for an ANSI C-conforming const
configure:13169: gcc -c -fnested-functions -m64 conftest.c >&5
configure:13176: $? = 0
configure:13191: result: yes
configure:13201: checking for inline
configure:13227: gcc -c -fnested-functions -m64 conftest.c >&5
configure:13234: $? = 0
configure:13252: result: inline
configure:13271: checking for size_t
configure:13299: gcc -c -fnested-functions -m64 conftest.c >&5
configure:13306: $? = 0
configure:13333: gcc -c -fnested-functions -m64 conftest.c >&5
conftest.c: In function 'main':
conftest.c:66: error: syntax error before ')' token
configure:13340: $? = 1
configure: failed program was:
| /* confdefs.h.  */
| #define PACKAGE_NAME "pbc"
| #define PACKAGE_TARNAME "pbc"
| #define PACKAGE_VERSION "0.5.6"
| #define PACKAGE_STRING "pbc 0.5.6"
| #define PACKAGE_BUGREPORT "blynn@cs.stanford.edu"
| #define PACKAGE "pbc"
| #define VERSION "0.5.6"
| #define STDC_HEADERS 1
| #define HAVE_SYS_TYPES_H 1
| #define HAVE_SYS_STAT_H 1
| #define HAVE_STDLIB_H 1
| #define HAVE_STRING_H 1
| #define HAVE_MEMORY_H 1
| #define HAVE_STRINGS_H 1
| #define HAVE_INTTYPES_H 1
| #define HAVE_STDINT_H 1
| #define HAVE_UNISTD_H 1
| #define HAVE_DLFCN_H 1
| #define LT_OBJDIR ".libs/"
| #define HAVE_LIBM 1
| #define HAVE_LIBGMP 1
| #define HAVE_ALLOCA_H 1
| #define HAVE_ALLOCA 1
| #define STDC_HEADERS 1
| #define HAVE_STDLIB_H 1
| #define HAVE_STRING_H 1
| #define HAVE_SYS_TIME_H 1
| /* end confdefs.h.  */
| #include <stdio.h>
| #ifdef HAVE_SYS_TYPES_H
| # include <sys/types.h>
| #endif
| #ifdef HAVE_SYS_STAT_H
| # include <sys/stat.h>
| #endif
| #ifdef STDC_HEADERS
| # include <stdlib.h>
| # include <stddef.h>
| #else
| # ifdef HAVE_STDLIB_H
| #  include <stdlib.h>
| # endif
| #endif
| #ifdef HAVE_STRING_H
| # if !defined STDC_HEADERS && defined HAVE_MEMORY_H
| #  include <memory.h>
| # endif
| # include <string.h>
| #endif
| #ifdef HAVE_STRINGS_H
| # include <strings.h>
| #endif
| #ifdef HAVE_INTTYPES_H
| # include <inttypes.h>
| #endif
| #ifdef HAVE_STDINT_H
| # include <stdint.h>
| #endif
| #ifdef HAVE_UNISTD_H
| # include <unistd.h>
| #endif
| int
| main ()
| {
| if (sizeof ((size_t)))
| 	  return 0;
|   ;
|   return 0;
| }
configure:13363: result: yes
configure:13375: checking whether time.h and sys/time.h may both be included
configure:13405: gcc -c -fnested-functions -m64 conftest.c >&5
configure:13412: $? = 0
configure:13427: result: yes
configure:13461: checking for stdlib.h
configure:13468: result: yes
configure:13607: checking for GNU libc compatible malloc
configure:13641: gcc -o conftest -fnested-functions -Wall -W -Wfloat-equal -Wpointer-arith -Wcast-align -Wstrict-prototypes -Wredundant-decls -Wendif-labels -Wshadow -pipe -ffast-math -U__STRICT_ANSI__ -std=gnu99 -g -O2 -m64  conftest.c  >&5
conftest.c:40: warning: function declaration isn't a prototype
configure:13645: $? = 0
configure:13651: ./conftest
configure:13655: $? = 0
configure:13672: result: yes
configure:13705: checking for stdlib.h
configure:13712: result: yes
configure:13851: checking for GNU libc compatible realloc
configure:13885: gcc -o conftest -fnested-functions -Wall -W -Wfloat-equal -Wpointer-arith -Wcast-align -Wstrict-prototypes -Wredundant-decls -Wendif-labels -Wshadow -pipe -ffast-math -U__STRICT_ANSI__ -std=gnu99 -g -O2 -m64  conftest.c  >&5
conftest.c:42: warning: function declaration isn't a prototype
configure:13889: $? = 0
configure:13895: ./conftest
configure:13899: $? = 0
configure:13916: result: yes
configure:13955: checking for floor
configure:14011: gcc -o conftest -fnested-functions -Wall -W -Wfloat-equal -Wpointer-arith -Wcast-align -Wstrict-prototypes -Wredundant-decls -Wendif-labels -Wshadow -pipe -ffast-math -U__STRICT_ANSI__ -std=gnu99 -g -O2 -m64  conftest.c  >&5
conftest.c:58: warning: function declaration isn't a prototype
conftest.c:58: warning: conflicting types for built-in function 'floor'
conftest.c:68: warning: function declaration isn't a prototype
configure:14018: $? = 0
configure:14040: result: yes
configure:13955: checking for gettimeofday
configure:14011: gcc -o conftest -fnested-functions -Wall -W -Wfloat-equal -Wpointer-arith -Wcast-align -Wstrict-prototypes -Wredundant-decls -Wendif-labels -Wshadow -pipe -ffast-math -U__STRICT_ANSI__ -std=gnu99 -g -O2 -m64  conftest.c  >&5
conftest.c:59: warning: function declaration isn't a prototype
conftest.c:69: warning: function declaration isn't a prototype
configure:14018: $? = 0
configure:14040: result: yes
configure:13955: checking for memmove
configure:14011: gcc -o conftest -fnested-functions -Wall -W -Wfloat-equal -Wpointer-arith -Wcast-align -Wstrict-prototypes -Wredundant-decls -Wendif-labels -Wshadow -pipe -ffast-math -U__STRICT_ANSI__ -std=gnu99 -g -O2 -m64  conftest.c  >&5
conftest.c:60: warning: function declaration isn't a prototype
conftest.c:60: warning: conflicting types for built-in function 'memmove'
conftest.c:70: warning: function declaration isn't a prototype
configure:14018: $? = 0
configure:14040: result: yes
configure:13955: checking for memset
configure:14011: gcc -o conftest -fnested-functions -Wall -W -Wfloat-equal -Wpointer-arith -Wcast-align -Wstrict-prototypes -Wredundant-decls -Wendif-labels -Wshadow -pipe -ffast-math -U__STRICT_ANSI__ -std=gnu99 -g -O2 -m64  conftest.c  >&5
conftest.c:61: warning: function declaration isn't a prototype
conftest.c:61: warning: conflicting types for built-in function 'memset'
conftest.c:71: warning: function declaration isn't a prototype
configure:14018: $? = 0
configure:14040: result: yes
configure:13955: checking for pow
configure:14011: gcc -o conftest -fnested-functions -Wall -W -Wfloat-equal -Wpointer-arith -Wcast-align -Wstrict-prototypes -Wredundant-decls -Wendif-labels -Wshadow -pipe -ffast-math -U__STRICT_ANSI__ -std=gnu99 -g -O2 -m64  conftest.c  >&5
conftest.c:62: warning: function declaration isn't a prototype
conftest.c:62: warning: conflicting types for built-in function 'pow'
conftest.c:72: warning: function declaration isn't a prototype
configure:14018: $? = 0
configure:14040: result: yes
configure:13955: checking for sqrt
configure:14011: gcc -o conftest -fnested-functions -Wall -W -Wfloat-equal -Wpointer-arith -Wcast-align -Wstrict-prototypes -Wredundant-decls -Wendif-labels -Wshadow -pipe -ffast-math -U__STRICT_ANSI__ -std=gnu99 -g -O2 -m64  conftest.c  >&5
conftest.c:63: warning: function declaration isn't a prototype
conftest.c:63: warning: conflicting types for built-in function 'sqrt'
conftest.c:73: warning: function declaration isn't a prototype
configure:14018: $? = 0
configure:14040: result: yes
configure:13955: checking for strchr
configure:14011: gcc -o conftest -fnested-functions -Wall -W -Wfloat-equal -Wpointer-arith -Wcast-align -Wstrict-prototypes -Wredundant-decls -Wendif-labels -Wshadow -pipe -ffast-math -U__STRICT_ANSI__ -std=gnu99 -g -O2 -m64  conftest.c  >&5
conftest.c:64: warning: function declaration isn't a prototype
conftest.c:64: warning: conflicting types for built-in function 'strchr'
conftest.c:74: warning: function declaration isn't a prototype
configure:14018: $? = 0
configure:14040: result: yes
configure:13955: checking for strdup
configure:14011: gcc -o conftest -fnested-functions -Wall -W -Wfloat-equal -Wpointer-arith -Wcast-align -Wstrict-prototypes -Wredundant-decls -Wendif-labels -Wshadow -pipe -ffast-math -U__STRICT_ANSI__ -std=gnu99 -g -O2 -m64  conftest.c  >&5
conftest.c:65: warning: function declaration isn't a prototype
conftest.c:65: warning: conflicting types for built-in function 'strdup'
conftest.c:75: warning: function declaration isn't a prototype
configure:14018: $? = 0
configure:14040: result: yes
configure:14178: creating ./config.status

## ---------------------- ##
## Running config.status. ##
## ---------------------- ##

This file was extended by pbc config.status 0.5.6, which was
generated by GNU Autoconf 2.63.  Invocation command line was

  CONFIG_FILES    = 
  CONFIG_HEADERS  = 
  CONFIG_LINKS    = 
  CONFIG_COMMANDS = 
  $ ./config.status 

on matthew-greens-macbook-pro.local

config.status:1003: creating Makefile
config.status:1003: creating example/Makefile
config.status:1003: creating gen/Makefile
config.status:1003: creating config.h
config.status:1277: executing depfiles commands
config.status:1277: executing libtool commands

## ---------------- ##
## Cache variables. ##
## ---------------- ##

ac_cv_build=i386-apple-darwin9.8.0
ac_cv_c_compiler_gnu=yes
ac_cv_c_const=yes
ac_cv_c_inline=inline
ac_cv_env_CC_set=
ac_cv_env_CC_value=
ac_cv_env_CFLAGS_set=set
ac_cv_env_CFLAGS_value=-m64
ac_cv_env_CPPFLAGS_set=set
ac_cv_env_CPPFLAGS_value=-m64
ac_cv_env_CPP_set=
ac_cv_env_CPP_value=
ac_cv_env_LDFLAGS_set=
ac_cv_env_LDFLAGS_value=
ac_cv_env_LIBS_set=
ac_cv_env_LIBS_value=
ac_cv_env_build_alias_set=
ac_cv_env_build_alias_value=
ac_cv_env_host_alias_set=
ac_cv_env_host_alias_value=
ac_cv_env_target_alias_set=
ac_cv_env_target_alias_value=
ac_cv_func_alloca_works=yes
ac_cv_func_floor=yes
ac_cv_func_gettimeofday=yes
ac_cv_func_malloc_0_nonnull=yes
ac_cv_func_memmove=yes
ac_cv_func_memset=yes
ac_cv_func_pow=yes
ac_cv_func_realloc_0_nonnull=yes
ac_cv_func_sqrt=yes
ac_cv_func_strchr=yes
ac_cv_func_strdup=yes
ac_cv_header_dlfcn_h=yes
ac_cv_header_inttypes_h=yes
ac_cv_header_memory_h=yes
ac_cv_header_stdc=yes
ac_cv_header_stdint_h=yes
ac_cv_header_stdlib_h=yes
ac_cv_header_string_h=yes
ac_cv_header_strings_h=yes
ac_cv_header_sys_stat_h=yes
ac_cv_header_sys_time_h=yes
ac_cv_header_sys_types_h=yes
ac_cv_header_time=yes
ac_cv_header_unistd_h=yes
ac_cv_host=i386-apple-darwin9.8.0
ac_cv_lib_gmp___gmpz_init=yes
ac_cv_lib_m_pow=yes
ac_cv_objext=o
ac_cv_path_EGREP='/usr/bin/grep -E'
ac_cv_path_FGREP='/usr/bin/grep -F'
ac_cv_path_GREP=/usr/bin/grep
ac_cv_path_SED=/usr/bin/sed
ac_cv_path_install='/usr/bin/install -c'
ac_cv_prog_AWK=awk
ac_cv_prog_CPP='gcc -E'
ac_cv_prog_ac_ct_AR=ar
ac_cv_prog_ac_ct_CC=gcc
ac_cv_prog_ac_ct_DSYMUTIL=dsymutil
ac_cv_prog_ac_ct_LIPO=lipo
ac_cv_prog_ac_ct_NMEDIT=nmedit
ac_cv_prog_ac_ct_OTOOL=otool
ac_cv_prog_ac_ct_RANLIB=ranlib
ac_cv_prog_ac_ct_STRIP=strip
ac_cv_prog_cc_c89=
ac_cv_prog_cc_g=yes
ac_cv_prog_make_make_set=yes
ac_cv_type_size_t=yes
ac_cv_working_alloca_h=yes
am_cv_CC_dependencies_compiler_type=gcc3
lt_cv_apple_cc_single_mod=yes
lt_cv_deplibs_check_method=pass_all
lt_cv_file_magic_cmd='$MAGIC_CMD'
lt_cv_file_magic_test_file=
lt_cv_ld_exported_symbols_list=yes
lt_cv_ld_reload_flag=-r
lt_cv_nm_interface='BSD nm'
lt_cv_objdir=.libs
lt_cv_path_LD=/usr/libexec/gcc/i686-apple-darwin9/4.0.1/ld
lt_cv_path_NM='/usr/bin/nm -p'
lt_cv_prog_compiler_c_o=yes
lt_cv_prog_compiler_pic_works=yes
lt_cv_prog_compiler_rtti_exceptions=no
lt_cv_prog_compiler_static_works=no
lt_cv_prog_gnu_ld=no
lt_cv_sys_global_symbol_pipe='sed -n -e '\''s/^.*[	 ]\([BCDEGRST][BCDEGRST]*\)[	 ][	 ]*_\([_A-Za-z][_A-Za-z0-9]*\)$/\1 _\2 \2/p'\'''
lt_cv_sys_global_symbol_to_c_name_address='sed -n -e '\''s/^: \([^ ]*\) $/  {\"\1\", (void *) 0},/p'\'' -e '\''s/^[BCDEGRST]* \([^ ]*\) \([^ ]*\)$/  {"\2", (void *) \&\2},/p'\'''
lt_cv_sys_global_symbol_to_c_name_address_lib_prefix='sed -n -e '\''s/^: \([^ ]*\) $/  {\"\1\", (void *) 0},/p'\'' -e '\''s/^[BCDEGRST]* \([^ ]*\) \(lib[^ ]*\)$/  {"\2", (void *) \&\2},/p'\'' -e '\''s/^[BCDEGRST]* \([^ ]*\) \([^ ]*\)$/  {"lib\2", (void *) \&\2},/p'\'''
lt_cv_sys_global_symbol_to_cdecl='sed -n -e '\''s/^T .* \(.*\)$/extern int \1();/p'\'' -e '\''s/^[BCDEGRST]* .* \(.*\)$/extern char \1;/p'\'''
lt_cv_sys_max_cmd_len=196608

## ----------------- ##
## Output variables. ##
## ----------------- ##

ACLOCAL='${SHELL} /Users/mgreen/src/libfenc/pbc-0.5.6/missing --run aclocal-1.10'
ALLOCA=''
AMDEPBACKSLASH='\'
AMDEP_FALSE='#'
AMDEP_TRUE=''
AMTAR='${SHELL} /Users/mgreen/src/libfenc/pbc-0.5.6/missing --run tar'
AR='ar'
AUTOCONF='${SHELL} /Users/mgreen/src/libfenc/pbc-0.5.6/missing --run autoconf'
AUTOHEADER='${SHELL} /Users/mgreen/src/libfenc/pbc-0.5.6/missing --run autoheader'
AUTOMAKE='${SHELL} /Users/mgreen/src/libfenc/pbc-0.5.6/missing --run automake-1.10'
AWK='awk'
CC='gcc'
CCDEPMODE='depmode=gcc3'
CFLAGS='-fnested-functions -Wall -W -Wfloat-equal -Wpointer-arith -Wcast-align -Wstrict-prototypes -Wredundant-decls -Wendif-labels -Wshadow -pipe -ffast-math -U__STRICT_ANSI__ -std=gnu99 -g -O2'
CPP='gcc -E'
CPPFLAGS='-m64'
CYGPATH_W='echo'
DEFS='-DHAVE_CONFIG_H'
DEPDIR='.deps'
DSYMUTIL='dsymutil'
DUMPBIN=''
ECHO_C=''
ECHO_N='-n'
ECHO_T=''
EGREP='/usr/bin/grep -E'
EXEEXT=''
FGREP='/usr/bin/grep -F'
GREP='/usr/bin/grep'
INSTALL_DATA='${INSTALL} -m 644'
INSTALL_PROGRAM='${INSTALL}'
INSTALL_SCRIPT='${INSTALL}'
INSTALL_STRIP_PROGRAM='$(install_sh) -c -s'
LD='/usr/libexec/gcc/i686-apple-darwin9/4.0.1/ld'
LDFLAGS=''
LIBOBJS=''
LIBS=''
LIBTOOL='$(SHELL) $(top_builddir)/libtool'
LIPO='lipo'
LN_S='ln -s'
LTLIBOBJS=''
MAKEINFO='${SHELL} /Users/mgreen/src/libfenc/pbc-0.5.6/missing --run makeinfo'
MKDIR_P='./install-sh -c -d'
NM='/usr/bin/nm -p'
NMEDIT='nmedit'
OBJDUMP='false'
OBJEXT='o'
OTOOL64=':'
OTOOL='otool'
PACKAGE='pbc'
PACKAGE_BUGREPORT='blynn@cs.stanford.edu'
PACKAGE_NAME='pbc'
PACKAGE_STRING='pbc 0.5.6'
PACKAGE_TARNAME='pbc'
PACKAGE_VERSION='0.5.6'
PATH_SEPARATOR=':'
RANLIB='ranlib'
SED='/usr/bin/sed'
SET_MAKE=''
SHELL='/bin/sh'
STRIP='strip'
VERSION='0.5.6'
ac_ct_CC='gcc'
ac_ct_DUMPBIN=''
am__fastdepCC_FALSE='#'
am__fastdepCC_TRUE=''
am__include='include'
am__isrc=''
am__leading_dot='.'
am__quote=''
am__tar='${AMTAR} chof - "$$tardir"'
am__untar='${AMTAR} xf -'
bindir='${exec_prefix}/bin'
build='i386-apple-darwin9.8.0'
build_alias=''
build_cpu='i386'
build_os='darwin9.8.0'
build_vendor='apple'
datadir='${datarootdir}'
datarootdir='${prefix}/share'
docdir='${datarootdir}/doc/${PACKAGE_TARNAME}'
dvidir='${docdir}'
exec_prefix='${prefix}'
host='i386-apple-darwin9.8.0'
host_alias=''
host_cpu='i386'
host_os='darwin9.8.0'
host_vendor='apple'
htmldir='${docdir}'
includedir='${prefix}/include'
infodir='${datarootdir}/info'
install_sh='$(SHELL) /Users/mgreen/src/libfenc/pbc-0.5.6/install-sh'
libdir='${exec_prefix}/lib'
libexecdir='${exec_prefix}/libexec'
localedir='${datarootdir}/locale'
localstatedir='${prefix}/var'
lt_ECHO='echo'
mandir='${datarootdir}/man'
mkdir_p='$(top_builddir)/./install-sh -c -d'
oldincludedir='/usr/include'
pdfdir='${docdir}'
prefix='/usr/local'
program_transform_name='s,x,x,'
psdir='${docdir}'
sbindir='${exec_prefix}/sbin'
sharedstatedir='${prefix}/com'
sysconfdir='${prefix}/etc'
target_alias=''

## ----------- ##
## confdefs.h. ##
## ----------- ##

#define PACKAGE_NAME "pbc"
#define PACKAGE_TARNAME "pbc"
#define PACKAGE_VERSION "0.5.6"
#define PACKAGE_STRING "pbc 0.5.6"
#define PACKAGE_BUGREPORT "blynn@cs.stanford.edu"
#define PACKAGE "pbc"
#define VERSION "0.5.6"
#define STDC_HEADERS 1
#define HAVE_SYS_TYPES_H 1
#define HAVE_SYS_STAT_H 1
#define HAVE_STDLIB_H 1
#define HAVE_STRING_H 1
#define HAVE_MEMORY_H 1
#define HAVE_STRINGS_H 1
#define HAVE_INTTYPES_H 1
#define HAVE_STDINT_H 1
#define HAVE_UNISTD_H 1
#define HAVE_DLFCN_H 1
#define LT_OBJDIR ".libs/"
#define HAVE_LIBM 1
#define HAVE_LIBGMP 1
#define HAVE_ALLOCA_H 1
#define HAVE_ALLOCA 1
#define STDC_HEADERS 1
#define HAVE_STDLIB_H 1
#define HAVE_STRING_H 1
#define HAVE_SYS_TIME_H 1
#define TIME_WITH_SYS_TIME 1
#define HAVE_STDLIB_H 1
#define HAVE_MALLOC 1
#define HAVE_STDLIB_H 1
#define HAVE_REALLOC 1
#define HAVE_FLOOR 1
#define HAVE_GETTIMEOFDAY 1
#define HAVE_MEMMOVE 1
#define HAVE_MEMSET 1
#define HAVE_POW 1
#define HAVE_SQRT 1
#define HAVE_STRCHR 1
#define HAVE_STRDUP 1

configure: exit 0
