This file contains any messages produced by compilers while
running configure, to aid debugging if configure makes a mistake.

It was created by tools configure 0.1.0, which was
generated by GNU Autoconf 2.65.  Invocation command line was

  $ ./configure 

## --------- ##
## Platform. ##
## --------- ##

hostname = minnie.isi.jhu.edu
uname -m = i386
uname -r = 10.3.0
uname -s = Darwin
uname -v = Darwin Kernel Version 10.3.0: Fri Feb 26 11:58:09 PST 2010; root:xnu-1504.3.12~1/RELEASE_I386

/usr/bin/uname -p = i386
/bin/uname -X     = unknown

/bin/arch              = unknown
/usr/bin/arch -k       = unknown
/usr/convex/getsysinfo = unknown
/usr/bin/hostinfo      = Mach kernel version:
	 Darwin Kernel Version 10.3.0: Fri Feb 26 11:58:09 PST 2010; root:xnu-1504.3.12~1/RELEASE_I386
Kernel configured for up to 2 processors.
2 processors are physically available.
2 processors are logically available.
Processor type: i486 (Intel 80486)
Processors active: 0 1
Primary memory available: 2.00 gigabytes
Default processor set: 53 tasks, 232 threads, 2 processors
Load average: 0.42, Mach factor: 1.57
/bin/machine           = unknown
/usr/bin/oslevel       = unknown
/bin/universe          = unknown

PATH: /opt/local/bin
PATH: /opt/local/sbin
PATH: usr/local/bin
PATH: usr/local/sbin
PATH: /usr/bin
PATH: /bin
PATH: /usr/sbin
PATH: /sbin
PATH: /usr/local/bin
PATH: /usr/X11/bin


## ----------- ##
## Core tests. ##
## ----------- ##

configure:2207: checking for a BSD-compatible install
configure:2275: result: /usr/bin/install -c
configure:2286: checking whether build environment is sane
configure:2336: result: yes
configure:2477: checking for a thread-safe mkdir -p
configure:2516: result: ./install-sh -c -d
configure:2529: checking for gawk
configure:2559: result: no
configure:2529: checking for mawk
configure:2559: result: no
configure:2529: checking for nawk
configure:2559: result: no
configure:2529: checking for awk
configure:2545: found /usr/bin/awk
configure:2556: result: awk
configure:2567: checking whether make sets $(MAKE)
configure:2589: result: yes
configure:2719: checking for gcc
configure:2735: found /usr/bin/gcc
configure:2746: result: gcc
configure:2975: checking for C compiler version
configure:2984: gcc --version >&5
i686-apple-darwin10-gcc-4.2.1 (GCC) 4.2.1 (Apple Inc. build 5659)
Copyright (C) 2007 Free Software Foundation, Inc.
This is free software; see the source for copying conditions.  There is NO
warranty; not even for MERCHANTABILITY or FITNESS FOR A PARTICULAR PURPOSE.

configure:2995: $? = 0
configure:2984: gcc -v >&5
Using built-in specs.
Target: i686-apple-darwin10
Configured with: /var/tmp/gcc/gcc-5659~1/src/configure --disable-checking --enable-werror --prefix=/usr --mandir=/usr/share/man --enable-languages=c,objc,c++,obj-c++ --program-transform-name=/^[cg][^.-]*$/s/$/-4.2/ --with-slibdir=/usr/lib --build=i686-apple-darwin10 --with-gxx-include-dir=/usr/include/c++/4.2.1 --host=i686-apple-darwin10 --target=i686-apple-darwin10
Thread model: posix
gcc version 4.2.1 (Apple Inc. build 5659)
configure:2995: $? = 0
configure:2984: gcc -V >&5
gcc-4.2: argument to `-V' is missing
configure:2995: $? = 1
configure:2984: gcc -qversion >&5
i686-apple-darwin10-gcc-4.2.1: no input files
configure:2995: $? = 1
configure:3015: checking whether the C compiler works
configure:3037: gcc    conftest.c  >&5
configure:3041: $? = 0
configure:3090: result: yes
configure:3093: checking for C compiler default output file name
configure:3095: result: a.out
configure:3101: checking for suffix of executables
configure:3108: gcc -o conftest    conftest.c  >&5
configure:3112: $? = 0
configure:3134: result: 
configure:3156: checking whether we are cross compiling
configure:3164: gcc -o conftest    conftest.c  >&5
configure:3168: $? = 0
configure:3175: ./conftest
configure:3179: $? = 0
configure:3194: result: no
configure:3199: checking for suffix of object files
configure:3221: gcc -c   conftest.c >&5
configure:3225: $? = 0
configure:3246: result: o
configure:3250: checking whether we are using the GNU C compiler
configure:3269: gcc -c   conftest.c >&5
configure:3269: $? = 0
configure:3278: result: yes
configure:3287: checking whether gcc accepts -g
configure:3307: gcc -c -g  conftest.c >&5
configure:3307: $? = 0
configure:3348: result: yes
configure:3365: checking for gcc option to accept ISO C89
configure:3429: gcc  -c -g -O2  conftest.c >&5
configure:3429: $? = 0
configure:3442: result: none needed
configure:3473: checking for style of include used by make
configure:3501: result: GNU
configure:3526: checking dependency style of gcc
configure:3636: result: gcc3
configure:3652: checking whether ln -s works
configure:3656: result: yes
configure:3663: checking whether make sets $(MAKE)
configure:3685: result: yes
configure:3738: checking for pow in -lm
configure:3763: gcc -o conftest -g -O2   conftest.c -lm   >&5
conftest.c:18: warning: conflicting types for built-in function 'pow'
configure:3763: $? = 0
configure:3772: result: yes
configure:3791: checking for __gmpz_init in -lgmp
configure:3816: gcc -o conftest -g -O2   conftest.c -lgmp  -lm  >&5
configure:3816: $? = 0
configure:3825: result: yes
configure:3844: checking for libfenc_init in -lfenc
configure:3869: gcc -o conftest -g -O2   conftest.c -lfenc  -lgmp -lm  >&5
configure:3869: $? = 0
configure:3878: result: yes
configure:3897: checking for DES_xcbc_encrypt in -lcrypto
configure:3922: gcc -o conftest -g -O2   conftest.c -lcrypto  -lfenc -lgmp -lm  >&5
configure:3922: $? = 0
configure:3931: result: yes
configure:3976: checking how to run the C preprocessor
configure:4007: gcc -E  conftest.c
configure:4007: $? = 0
configure:4021: gcc -E  conftest.c
conftest.c:15:28: error: ac_nonexistent.h: No such file or directory
configure:4021: $? = 1
configure: failed program was:
| /* confdefs.h */
| #define PACKAGE_NAME "tools"
| #define PACKAGE_TARNAME "tools"
| #define PACKAGE_VERSION "0.1.0"
| #define PACKAGE_STRING "tools 0.1.0"
| #define PACKAGE_BUGREPORT "__@gmail.com"
| #define PACKAGE_URL ""
| #define PACKAGE "tools"
| #define VERSION "0.1.0"
| #define HAVE_LIBM 1
| #define HAVE_LIBGMP 1
| #define HAVE_LIBFENC 1
| #define HAVE_LIBCRYPTO 1
| /* end confdefs.h.  */
| #include <ac_nonexistent.h>
configure:4046: result: gcc -E
configure:4066: gcc -E  conftest.c
configure:4066: $? = 0
configure:4080: gcc -E  conftest.c
conftest.c:15:28: error: ac_nonexistent.h: No such file or directory
configure:4080: $? = 1
configure: failed program was:
| /* confdefs.h */
| #define PACKAGE_NAME "tools"
| #define PACKAGE_TARNAME "tools"
| #define PACKAGE_VERSION "0.1.0"
| #define PACKAGE_STRING "tools 0.1.0"
| #define PACKAGE_BUGREPORT "__@gmail.com"
| #define PACKAGE_URL ""
| #define PACKAGE "tools"
| #define VERSION "0.1.0"
| #define HAVE_LIBM 1
| #define HAVE_LIBGMP 1
| #define HAVE_LIBFENC 1
| #define HAVE_LIBCRYPTO 1
| /* end confdefs.h.  */
| #include <ac_nonexistent.h>
configure:4109: checking for grep that handles long lines and -e
configure:4167: result: /usr/bin/grep
configure:4172: checking for egrep
configure:4234: result: /usr/bin/grep -E
configure:4239: checking for ANSI C header files
configure:4259: gcc -c -g -O2 -W -Wfloat-equal -Wpointer-arith -Wcast-align -Wredundant-decls -Wendif-labels -Wshadow -pipe -ffast-math -U__STRICT_ANSI__ -g  conftest.c >&5
configure:4259: $? = 0
configure:4332: gcc -o conftest -g -O2 -W -Wfloat-equal -Wpointer-arith -Wcast-align -Wredundant-decls -Wendif-labels -Wshadow -pipe -ffast-math -U__STRICT_ANSI__ -g   conftest.c  >&5
configure:4332: $? = 0
configure:4332: ./conftest
configure:4332: $? = 0
configure:4343: result: yes
configure:4356: checking for sys/types.h
configure:4356: gcc -c -g -O2 -W -Wfloat-equal -Wpointer-arith -Wcast-align -Wredundant-decls -Wendif-labels -Wshadow -pipe -ffast-math -U__STRICT_ANSI__ -g  conftest.c >&5
configure:4356: $? = 0
configure:4356: result: yes
configure:4356: checking for sys/stat.h
configure:4356: gcc -c -g -O2 -W -Wfloat-equal -Wpointer-arith -Wcast-align -Wredundant-decls -Wendif-labels -Wshadow -pipe -ffast-math -U__STRICT_ANSI__ -g  conftest.c >&5
configure:4356: $? = 0
configure:4356: result: yes
configure:4356: checking for stdlib.h
configure:4356: gcc -c -g -O2 -W -Wfloat-equal -Wpointer-arith -Wcast-align -Wredundant-decls -Wendif-labels -Wshadow -pipe -ffast-math -U__STRICT_ANSI__ -g  conftest.c >&5
configure:4356: $? = 0
configure:4356: result: yes
configure:4356: checking for string.h
configure:4356: gcc -c -g -O2 -W -Wfloat-equal -Wpointer-arith -Wcast-align -Wredundant-decls -Wendif-labels -Wshadow -pipe -ffast-math -U__STRICT_ANSI__ -g  conftest.c >&5
configure:4356: $? = 0
configure:4356: result: yes
configure:4356: checking for memory.h
configure:4356: gcc -c -g -O2 -W -Wfloat-equal -Wpointer-arith -Wcast-align -Wredundant-decls -Wendif-labels -Wshadow -pipe -ffast-math -U__STRICT_ANSI__ -g  conftest.c >&5
configure:4356: $? = 0
configure:4356: result: yes
configure:4356: checking for strings.h
configure:4356: gcc -c -g -O2 -W -Wfloat-equal -Wpointer-arith -Wcast-align -Wredundant-decls -Wendif-labels -Wshadow -pipe -ffast-math -U__STRICT_ANSI__ -g  conftest.c >&5
configure:4356: $? = 0
configure:4356: result: yes
configure:4356: checking for inttypes.h
configure:4356: gcc -c -g -O2 -W -Wfloat-equal -Wpointer-arith -Wcast-align -Wredundant-decls -Wendif-labels -Wshadow -pipe -ffast-math -U__STRICT_ANSI__ -g  conftest.c >&5
configure:4356: $? = 0
configure:4356: result: yes
configure:4356: checking for stdint.h
configure:4356: gcc -c -g -O2 -W -Wfloat-equal -Wpointer-arith -Wcast-align -Wredundant-decls -Wendif-labels -Wshadow -pipe -ffast-math -U__STRICT_ANSI__ -g  conftest.c >&5
configure:4356: $? = 0
configure:4356: result: yes
configure:4356: checking for unistd.h
configure:4356: gcc -c -g -O2 -W -Wfloat-equal -Wpointer-arith -Wcast-align -Wredundant-decls -Wendif-labels -Wshadow -pipe -ffast-math -U__STRICT_ANSI__ -g  conftest.c >&5
configure:4356: $? = 0
configure:4356: result: yes
configure:4372: checking for stdlib.h
configure:4372: result: yes
configure:4372: checking for string.h
configure:4372: result: yes
configure:4385: checking for size_t
configure:4385: gcc -c -g -O2 -W -Wfloat-equal -Wpointer-arith -Wcast-align -Wredundant-decls -Wendif-labels -Wshadow -pipe -ffast-math -U__STRICT_ANSI__ -g  conftest.c >&5
configure:4385: $? = 0
configure:4385: gcc -c -g -O2 -W -Wfloat-equal -Wpointer-arith -Wcast-align -Wredundant-decls -Wendif-labels -Wshadow -pipe -ffast-math -U__STRICT_ANSI__ -g  conftest.c >&5
conftest.c: In function 'main':
conftest.c:63: error: expected expression before ')' token
configure:4385: $? = 1
configure: failed program was:
| /* confdefs.h */
| #define PACKAGE_NAME "tools"
| #define PACKAGE_TARNAME "tools"
| #define PACKAGE_VERSION "0.1.0"
| #define PACKAGE_STRING "tools 0.1.0"
| #define PACKAGE_BUGREPORT "__@gmail.com"
| #define PACKAGE_URL ""
| #define PACKAGE "tools"
| #define VERSION "0.1.0"
| #define HAVE_LIBM 1
| #define HAVE_LIBGMP 1
| #define HAVE_LIBFENC 1
| #define HAVE_LIBCRYPTO 1
| #define STDC_HEADERS 1
| #define HAVE_SYS_TYPES_H 1
| #define HAVE_SYS_STAT_H 1
| #define HAVE_STDLIB_H 1
| #define HAVE_STRING_H 1
| #define HAVE_MEMORY_H 1
| #define HAVE_STRINGS_H 1
| #define HAVE_INTTYPES_H 1
| #define HAVE_STDINT_H 1
| #define HAVE_UNISTD_H 1
| #define HAVE_STDLIB_H 1
| #define HAVE_STRING_H 1
| /* end confdefs.h.  */
| #include <stdio.h>
| #ifdef HAVE_SYS_TYPES_H
| # include <sys/types.h>
| #endif
| #ifdef HAVE_SYS_STAT_H
| # include <sys/stat.h>
| #endif
| #ifdef STDC_HEADERS
| # include <stdlib.h>
| # include <stddef.h>
| #else
| # ifdef HAVE_STDLIB_H
| #  include <stdlib.h>
| # endif
| #endif
| #ifdef HAVE_STRING_H
| # if !defined STDC_HEADERS && defined HAVE_MEMORY_H
| #  include <memory.h>
| # endif
| # include <string.h>
| #endif
| #ifdef HAVE_STRINGS_H
| # include <strings.h>
| #endif
| #ifdef HAVE_INTTYPES_H
| # include <inttypes.h>
| #endif
| #ifdef HAVE_STDINT_H
| # include <stdint.h>
| #endif
| #ifdef HAVE_UNISTD_H
| # include <unistd.h>
| #endif
| int
| main ()
| {
| if (sizeof ((size_t)))
| 	    return 0;
|   ;
|   return 0;
| }
configure:4385: result: yes
configure:4396: checking for ssize_t
configure:4396: gcc -c -g -O2 -W -Wfloat-equal -Wpointer-arith -Wcast-align -Wredundant-decls -Wendif-labels -Wshadow -pipe -ffast-math -U__STRICT_ANSI__ -g  conftest.c >&5
configure:4396: $? = 0
configure:4396: gcc -c -g -O2 -W -Wfloat-equal -Wpointer-arith -Wcast-align -Wredundant-decls -Wendif-labels -Wshadow -pipe -ffast-math -U__STRICT_ANSI__ -g  conftest.c >&5
conftest.c: In function 'main':
conftest.c:63: error: expected expression before ')' token
configure:4396: $? = 1
configure: failed program was:
| /* confdefs.h */
| #define PACKAGE_NAME "tools"
| #define PACKAGE_TARNAME "tools"
| #define PACKAGE_VERSION "0.1.0"
| #define PACKAGE_STRING "tools 0.1.0"
| #define PACKAGE_BUGREPORT "__@gmail.com"
| #define PACKAGE_URL ""
| #define PACKAGE "tools"
| #define VERSION "0.1.0"
| #define HAVE_LIBM 1
| #define HAVE_LIBGMP 1
| #define HAVE_LIBFENC 1
| #define HAVE_LIBCRYPTO 1
| #define STDC_HEADERS 1
| #define HAVE_SYS_TYPES_H 1
| #define HAVE_SYS_STAT_H 1
| #define HAVE_STDLIB_H 1
| #define HAVE_STRING_H 1
| #define HAVE_MEMORY_H 1
| #define HAVE_STRINGS_H 1
| #define HAVE_INTTYPES_H 1
| #define HAVE_STDINT_H 1
| #define HAVE_UNISTD_H 1
| #define HAVE_STDLIB_H 1
| #define HAVE_STRING_H 1
| /* end confdefs.h.  */
| #include <stdio.h>
| #ifdef HAVE_SYS_TYPES_H
| # include <sys/types.h>
| #endif
| #ifdef HAVE_SYS_STAT_H
| # include <sys/stat.h>
| #endif
| #ifdef STDC_HEADERS
| # include <stdlib.h>
| # include <stddef.h>
| #else
| # ifdef HAVE_STDLIB_H
| #  include <stdlib.h>
| # endif
| #endif
| #ifdef HAVE_STRING_H
| # if !defined STDC_HEADERS && defined HAVE_MEMORY_H
| #  include <memory.h>
| # endif
| # include <string.h>
| #endif
| #ifdef HAVE_STRINGS_H
| # include <strings.h>
| #endif
| #ifdef HAVE_INTTYPES_H
| # include <inttypes.h>
| #endif
| #ifdef HAVE_STDINT_H
| # include <stdint.h>
| #endif
| #ifdef HAVE_UNISTD_H
| # include <unistd.h>
| #endif
| int
| main ()
| {
| if (sizeof ((ssize_t)))
| 	    return 0;
|   ;
|   return 0;
| }
configure:4396: result: yes
configure:4411: checking for stdlib.h
configure:4411: result: yes
configure:4421: checking for GNU libc compatible malloc
configure:4445: gcc -o conftest -g -O2 -W -Wfloat-equal -Wpointer-arith -Wcast-align -Wredundant-decls -Wendif-labels -Wshadow -pipe -ffast-math -U__STRICT_ANSI__ -g   conftest.c  >&5
configure:4445: $? = 0
configure:4445: ./conftest
configure:4445: $? = 0
configure:4455: result: yes
configure:4479: checking for memset
configure:4479: gcc -o conftest -g -O2 -W -Wfloat-equal -Wpointer-arith -Wcast-align -Wredundant-decls -Wendif-labels -Wshadow -pipe -ffast-math -U__STRICT_ANSI__ -g   conftest.c  >&5
conftest.c:52: warning: conflicting types for built-in function 'memset'
configure:4479: $? = 0
configure:4479: result: yes
configure:4479: checking for pow
configure:4479: gcc -o conftest -g -O2 -W -Wfloat-equal -Wpointer-arith -Wcast-align -Wredundant-decls -Wendif-labels -Wshadow -pipe -ffast-math -U__STRICT_ANSI__ -g   conftest.c  >&5
conftest.c:53: warning: conflicting types for built-in function 'pow'
configure:4479: $? = 0
configure:4479: result: yes
configure:4479: checking for strchr
configure:4479: gcc -o conftest -g -O2 -W -Wfloat-equal -Wpointer-arith -Wcast-align -Wredundant-decls -Wendif-labels -Wshadow -pipe -ffast-math -U__STRICT_ANSI__ -g   conftest.c  >&5
conftest.c:54: warning: conflicting types for built-in function 'strchr'
configure:4479: $? = 0
configure:4479: result: yes
configure:4479: checking for strdup
configure:4479: gcc -o conftest -g -O2 -W -Wfloat-equal -Wpointer-arith -Wcast-align -Wredundant-decls -Wendif-labels -Wshadow -pipe -ffast-math -U__STRICT_ANSI__ -g   conftest.c  >&5
conftest.c:55: warning: conflicting types for built-in function 'strdup'
configure:4479: $? = 0
configure:4479: result: yes
configure:4610: creating ./config.status

## ---------------------- ##
## Running config.status. ##
## ---------------------- ##

This file was extended by tools config.status 0.1.0, which was
generated by GNU Autoconf 2.65.  Invocation command line was

  CONFIG_FILES    = 
  CONFIG_HEADERS  = 
  CONFIG_LINKS    = 
  CONFIG_COMMANDS = 
  $ ./config.status 

on minnie.isi.jhu.edu

config.status:863: creating Makefile
config.status:863: creating config.h
config.status:1035: config.h is unchanged
config.status:1083: executing depfiles commands

## ---------------- ##
## Cache variables. ##
## ---------------- ##

ac_cv_c_compiler_gnu=yes
ac_cv_env_CC_set=
ac_cv_env_CC_value=
ac_cv_env_CFLAGS_set=
ac_cv_env_CFLAGS_value=
ac_cv_env_CPPFLAGS_set=
ac_cv_env_CPPFLAGS_value=
ac_cv_env_CPP_set=
ac_cv_env_CPP_value=
ac_cv_env_LDFLAGS_set=
ac_cv_env_LDFLAGS_value=
ac_cv_env_LIBS_set=
ac_cv_env_LIBS_value=
ac_cv_env_build_alias_set=
ac_cv_env_build_alias_value=
ac_cv_env_host_alias_set=
ac_cv_env_host_alias_value=
ac_cv_env_target_alias_set=
ac_cv_env_target_alias_value=
ac_cv_func_malloc_0_nonnull=yes
ac_cv_func_memset=yes
ac_cv_func_pow=yes
ac_cv_func_strchr=yes
ac_cv_func_strdup=yes
ac_cv_header_inttypes_h=yes
ac_cv_header_memory_h=yes
ac_cv_header_stdc=yes
ac_cv_header_stdint_h=yes
ac_cv_header_stdlib_h=yes
ac_cv_header_string_h=yes
ac_cv_header_strings_h=yes
ac_cv_header_sys_stat_h=yes
ac_cv_header_sys_types_h=yes
ac_cv_header_unistd_h=yes
ac_cv_lib_crypto_DES_xcbc_encrypt=yes
ac_cv_lib_fenc_libfenc_init=yes
ac_cv_lib_gmp___gmpz_init=yes
ac_cv_lib_m_pow=yes
ac_cv_objext=o
ac_cv_path_EGREP='/usr/bin/grep -E'
ac_cv_path_GREP=/usr/bin/grep
ac_cv_path_install='/usr/bin/install -c'
ac_cv_prog_AWK=awk
ac_cv_prog_CPP='gcc -E'
ac_cv_prog_ac_ct_CC=gcc
ac_cv_prog_cc_c89=
ac_cv_prog_cc_g=yes
ac_cv_prog_make_make_set=yes
ac_cv_type_size_t=yes
ac_cv_type_ssize_t=yes
am_cv_CC_dependencies_compiler_type=gcc3

## ----------------- ##
## Output variables. ##
## ----------------- ##

ACLOCAL='${SHELL} /Users/mrushanan/Downloads/test/libfenc/tools/missing --run aclocal-1.11'
AMDEPBACKSLASH='\'
AMDEP_FALSE='#'
AMDEP_TRUE=''
AMTAR='${SHELL} /Users/mrushanan/Downloads/test/libfenc/tools/missing --run tar'
AUTOCONF='${SHELL} /Users/mrushanan/Downloads/test/libfenc/tools/missing --run autoconf'
AUTOHEADER='${SHELL} /Users/mrushanan/Downloads/test/libfenc/tools/missing --run autoheader'
AUTOMAKE='${SHELL} /Users/mrushanan/Downloads/test/libfenc/tools/missing --run automake-1.11'
AWK='awk'
CC='gcc'
CCDEPMODE='depmode=gcc3'
CFLAGS='-g -O2 -W -Wfloat-equal -Wpointer-arith -Wcast-align -Wredundant-decls -Wendif-labels -Wshadow -pipe -ffast-math -U__STRICT_ANSI__ -g'
CPP='gcc -E'
CPPFLAGS=''
CYGPATH_W='echo'
DEFS='-DHAVE_CONFIG_H'
DEPDIR='.deps'
ECHO_C='\c'
ECHO_N=''
ECHO_T=''
EGREP='/usr/bin/grep -E'
EXEEXT=''
GREP='/usr/bin/grep'
INSTALL_DATA='${INSTALL} -m 644'
INSTALL_PROGRAM='${INSTALL}'
INSTALL_SCRIPT='${INSTALL}'
INSTALL_STRIP_PROGRAM='$(install_sh) -c -s'
LDFLAGS=''
LIBOBJS=''
LIBS=''
LN_S='ln -s'
LTLIBOBJS=''
MAKEINFO='${SHELL} /Users/mrushanan/Downloads/test/libfenc/tools/missing --run makeinfo'
MKDIR_P='./install-sh -c -d'
OBJEXT='o'
PACKAGE='tools'
PACKAGE_BUGREPORT='__@gmail.com'
PACKAGE_NAME='tools'
PACKAGE_STRING='tools 0.1.0'
PACKAGE_TARNAME='tools'
PACKAGE_URL=''
PACKAGE_VERSION='0.1.0'
PATH_SEPARATOR=':'
SET_MAKE=''
SHELL='/bin/sh'
STRIP=''
VERSION='0.1.0'
ac_ct_CC='gcc'
am__EXEEXT_FALSE=''
am__EXEEXT_TRUE='#'
am__fastdepCC_FALSE='#'
am__fastdepCC_TRUE=''
am__include='include'
am__isrc=''
am__leading_dot='.'
am__quote=''
am__tar='${AMTAR} chof - "$$tardir"'
am__untar='${AMTAR} xf -'
bindir='${exec_prefix}/bin'
build_alias=''
datadir='${datarootdir}'
datarootdir='${prefix}/share'
docdir='${datarootdir}/doc/${PACKAGE_TARNAME}'
dvidir='${docdir}'
exec_prefix='${prefix}'
host_alias=''
htmldir='${docdir}'
includedir='${prefix}/include'
infodir='${datarootdir}/info'
install_sh='${SHELL} /Users/mrushanan/Downloads/test/libfenc/tools/install-sh'
libdir='${exec_prefix}/lib'
libexecdir='${exec_prefix}/libexec'
localedir='${datarootdir}/locale'
localstatedir='${prefix}/var'
mandir='${datarootdir}/man'
mkdir_p='$(top_builddir)/./install-sh -c -d'
oldincludedir='/usr/include'
pdfdir='${docdir}'
prefix='/usr/local'
program_transform_name='s,x,x,'
psdir='${docdir}'
sbindir='${exec_prefix}/sbin'
sharedstatedir='${prefix}/com'
sysconfdir='${prefix}/etc'
target_alias=''

## ----------- ##
## confdefs.h. ##
## ----------- ##

/* confdefs.h */
#define PACKAGE_NAME "tools"
#define PACKAGE_TARNAME "tools"
#define PACKAGE_VERSION "0.1.0"
#define PACKAGE_STRING "tools 0.1.0"
#define PACKAGE_BUGREPORT "__@gmail.com"
#define PACKAGE_URL ""
#define PACKAGE "tools"
#define VERSION "0.1.0"
#define HAVE_LIBM 1
#define HAVE_LIBGMP 1
#define HAVE_LIBFENC 1
#define HAVE_LIBCRYPTO 1
#define STDC_HEADERS 1
#define HAVE_SYS_TYPES_H 1
#define HAVE_SYS_STAT_H 1
#define HAVE_STDLIB_H 1
#define HAVE_STRING_H 1
#define HAVE_MEMORY_H 1
#define HAVE_STRINGS_H 1
#define HAVE_INTTYPES_H 1
#define HAVE_STDINT_H 1
#define HAVE_UNISTD_H 1
#define HAVE_STDLIB_H 1
#define HAVE_STRING_H 1
#define HAVE_STDLIB_H 1
#define HAVE_MALLOC 1
#define HAVE_MEMSET 1
#define HAVE_POW 1
#define HAVE_STRCHR 1
#define HAVE_STRDUP 1

configure: exit 0
