This file contains any messages produced by compilers while
running configure, to aid debugging if configure makes a mistake.

It was created by fenc configure 0.1.2, which was
generated by GNU Autoconf 2.65.  Invocation command line was

  $ ./configure 

## --------- ##
## Platform. ##
## --------- ##

hostname = minnie.isi.jhu.edu
uname -m = i386
uname -r = 10.3.0
uname -s = Darwin
uname -v = Darwin Kernel Version 10.3.0: Fri Feb 26 11:58:09 PST 2010; root:xnu-1504.3.12~1/RELEASE_I386

/usr/bin/uname -p = i386
/bin/uname -X     = unknown

/bin/arch              = unknown
/usr/bin/arch -k       = unknown
/usr/convex/getsysinfo = unknown
/usr/bin/hostinfo      = Mach kernel version:
	 Darwin Kernel Version 10.3.0: Fri Feb 26 11:58:09 PST 2010; root:xnu-1504.3.12~1/RELEASE_I386
Kernel configured for up to 2 processors.
2 processors are physically available.
2 processors are logically available.
Processor type: i486 (Intel 80486)
Processors active: 0 1
Primary memory available: 2.00 gigabytes
Default processor set: 50 tasks, 214 threads, 2 processors
Load average: 0.56, Mach factor: 1.43
/bin/machine           = unknown
/usr/bin/oslevel       = unknown
/bin/universe          = unknown

PATH: /opt/local/bin
PATH: /opt/local/sbin
PATH: usr/local/bin
PATH: usr/local/sbin
PATH: /usr/bin
PATH: /bin
PATH: /usr/sbin
PATH: /sbin
PATH: /usr/local/bin
PATH: /usr/X11/bin


## ----------- ##
## Core tests. ##
## ----------- ##

configure:2478: checking build system type
configure:2492: result: i386-apple-darwin10.3.0
configure:2512: checking host system type
configure:2525: result: i386-apple-darwin10.3.0
configure:2593: checking for gcc
configure:2609: found /usr/bin/gcc
configure:2620: result: gcc
configure:2849: checking for C compiler version
configure:2858: gcc --version >&5
i686-apple-darwin10-gcc-4.2.1 (GCC) 4.2.1 (Apple Inc. build 5659)
Copyright (C) 2007 Free Software Foundation, Inc.
This is free software; see the source for copying conditions.  There is NO
warranty; not even for MERCHANTABILITY or FITNESS FOR A PARTICULAR PURPOSE.

configure:2869: $? = 0
configure:2858: gcc -v >&5
Using built-in specs.
Target: i686-apple-darwin10
Configured with: /var/tmp/gcc/gcc-5659~1/src/configure --disable-checking --enable-werror --prefix=/usr --mandir=/usr/share/man --enable-languages=c,objc,c++,obj-c++ --program-transform-name=/^[cg][^.-]*$/s/$/-4.2/ --with-slibdir=/usr/lib --build=i686-apple-darwin10 --with-gxx-include-dir=/usr/include/c++/4.2.1 --host=i686-apple-darwin10 --target=i686-apple-darwin10
Thread model: posix
gcc version 4.2.1 (Apple Inc. build 5659)
configure:2869: $? = 0
configure:2858: gcc -V >&5
gcc-4.2: argument to `-V' is missing
configure:2869: $? = 1
configure:2858: gcc -qversion >&5
i686-apple-darwin10-gcc-4.2.1: no input files
configure:2869: $? = 1
configure:2889: checking whether the C compiler works
configure:2911: gcc    conftest.c  >&5
configure:2915: $? = 0
configure:2964: result: yes
configure:2967: checking for C compiler default output file name
configure:2969: result: a.out
configure:2975: checking for suffix of executables
configure:2982: gcc -o conftest    conftest.c  >&5
configure:2986: $? = 0
configure:3008: result: 
configure:3030: checking whether we are cross compiling
configure:3038: gcc -o conftest    conftest.c  >&5
configure:3042: $? = 0
configure:3049: ./conftest
configure:3053: $? = 0
configure:3068: result: no
configure:3073: checking for suffix of object files
configure:3095: gcc -c   conftest.c >&5
configure:3099: $? = 0
configure:3120: result: o
configure:3124: checking whether we are using the GNU C compiler
configure:3143: gcc -c   conftest.c >&5
configure:3143: $? = 0
configure:3152: result: yes
configure:3161: checking whether gcc accepts -g
configure:3181: gcc -c -g  conftest.c >&5
configure:3181: $? = 0
configure:3222: result: yes
configure:3239: checking for gcc option to accept ISO C89
configure:3303: gcc  -c -g -O2  conftest.c >&5
configure:3303: $? = 0
configure:3316: result: none needed
configure:3336: checking for a sed that does not truncate output
configure:3400: result: /usr/bin/sed
configure:3418: checking for grep that handles long lines and -e
configure:3476: result: /usr/bin/grep
configure:3481: checking for egrep
configure:3543: result: /usr/bin/grep -E
configure:3548: checking for fgrep
configure:3610: result: /usr/bin/grep -F
configure:3645: checking for ld used by gcc
configure:3712: result: /usr/libexec/gcc/i686-apple-darwin10/4.2.1/ld
configure:3719: checking if the linker (/usr/libexec/gcc/i686-apple-darwin10/4.2.1/ld) is GNU ld
configure:3734: result: no
configure:3746: checking for BSD- or MS-compatible name lister (nm)
configure:3795: result: /usr/bin/nm
configure:3913: checking the name lister (/usr/bin/nm) interface
configure:3920: gcc -c -g -O2  conftest.c >&5
configure:3923: /usr/bin/nm "conftest.o"
configure:3926: output
00000178 D _some_variable
configure:3933: result: BSD nm
configure:3936: checking whether ln -s works
configure:3940: result: yes
configure:3948: checking the maximum length of command line arguments
configure:4068: result: 196608
configure:4085: checking whether the shell understands some XSI constructs
configure:4095: result: yes
configure:4099: checking whether the shell understands "+="
configure:4105: result: yes
configure:4140: checking for /usr/libexec/gcc/i686-apple-darwin10/4.2.1/ld option to reload object files
configure:4147: result: -r
configure:4216: checking for objdump
configure:4246: result: no
configure:4275: checking how to recognize dependent libraries
configure:4471: result: pass_all
configure:4531: checking for ar
configure:4547: found /usr/bin/ar
configure:4558: result: ar
configure:4636: checking for strip
configure:4652: found /usr/bin/strip
configure:4663: result: strip
configure:4735: checking for ranlib
configure:4751: found /usr/bin/ranlib
configure:4762: result: ranlib
configure:4852: checking command to parse /usr/bin/nm output from gcc object
configure:4970: gcc -c -g -O2  conftest.c >&5
configure:4973: $? = 0
configure:4977: /usr/bin/nm conftest.o \| sed -n -e 's/^.*[	 ]\([BCDEGRST][BCDEGRST]*\)[	 ][	 ]*\([_A-Za-z][_A-Za-z0-9]*\)$/\1 \2 \2/p' \> conftest.nm
configure:4980: $? = 0
cannot find nm_test_var in conftest.nm
configure:4970: gcc -c -g -O2  conftest.c >&5
configure:4973: $? = 0
configure:4977: /usr/bin/nm conftest.o \| sed -n -e 's/^.*[	 ]\([BCDEGRST][BCDEGRST]*\)[	 ][	 ]*_\([_A-Za-z][_A-Za-z0-9]*\)$/\1 _\2 \2/p' \> conftest.nm
configure:4980: $? = 0
configure:5034: gcc -o conftest -g -O2   conftest.c conftstm.o >&5
configure:5037: $? = 0
configure:5075: result: ok
configure:5340: checking for dsymutil
configure:5356: found /usr/bin/dsymutil
configure:5367: result: dsymutil
configure:5432: checking for nmedit
configure:5448: found /usr/bin/nmedit
configure:5459: result: nmedit
configure:5524: checking for lipo
configure:5540: found /usr/bin/lipo
configure:5551: result: lipo
configure:5616: checking for otool
configure:5632: found /usr/bin/otool
configure:5643: result: otool
configure:5708: checking for otool64
configure:5738: result: no
configure:5783: checking for -single_module linker flag
gcc -g -O2  -o libconftest.dylib -dynamiclib -Wl,-single_module conftest.c
configure:5810: result: yes
configure:5812: checking for -exported_symbols_list linker flag
configure:5832: gcc -o conftest -g -O2   -Wl,-exported_symbols_list,conftest.sym conftest.c  >&5
configure:5832: $? = 0
configure:5842: result: yes
configure:5884: checking how to run the C preprocessor
configure:5915: gcc -E  conftest.c
configure:5915: $? = 0
configure:5929: gcc -E  conftest.c
conftest.c:9:28: error: ac_nonexistent.h: No such file or directory
configure:5929: $? = 1
configure: failed program was:
| /* confdefs.h */
| #define PACKAGE_NAME "fenc"
| #define PACKAGE_TARNAME "fenc"
| #define PACKAGE_VERSION "0.1.2"
| #define PACKAGE_STRING "fenc 0.1.2"
| #define PACKAGE_BUGREPORT "libfenc@gmail.com"
| #define PACKAGE_URL ""
| /* end confdefs.h.  */
| #include <ac_nonexistent.h>
configure:5954: result: gcc -E
configure:5974: gcc -E  conftest.c
configure:5974: $? = 0
configure:5988: gcc -E  conftest.c
conftest.c:9:28: error: ac_nonexistent.h: No such file or directory
configure:5988: $? = 1
configure: failed program was:
| /* confdefs.h */
| #define PACKAGE_NAME "fenc"
| #define PACKAGE_TARNAME "fenc"
| #define PACKAGE_VERSION "0.1.2"
| #define PACKAGE_STRING "fenc 0.1.2"
| #define PACKAGE_BUGREPORT "libfenc@gmail.com"
| #define PACKAGE_URL ""
| /* end confdefs.h.  */
| #include <ac_nonexistent.h>
configure:6017: checking for ANSI C header files
configure:6037: gcc -c -g -O2  conftest.c >&5
configure:6037: $? = 0
configure:6110: gcc -o conftest -g -O2   conftest.c  >&5
configure:6110: $? = 0
configure:6110: ./conftest
configure:6110: $? = 0
configure:6121: result: yes
configure:6134: checking for sys/types.h
configure:6134: gcc -c -g -O2  conftest.c >&5
configure:6134: $? = 0
configure:6134: result: yes
configure:6134: checking for sys/stat.h
configure:6134: gcc -c -g -O2  conftest.c >&5
configure:6134: $? = 0
configure:6134: result: yes
configure:6134: checking for stdlib.h
configure:6134: gcc -c -g -O2  conftest.c >&5
configure:6134: $? = 0
configure:6134: result: yes
configure:6134: checking for string.h
configure:6134: gcc -c -g -O2  conftest.c >&5
configure:6134: $? = 0
configure:6134: result: yes
configure:6134: checking for memory.h
configure:6134: gcc -c -g -O2  conftest.c >&5
configure:6134: $? = 0
configure:6134: result: yes
configure:6134: checking for strings.h
configure:6134: gcc -c -g -O2  conftest.c >&5
configure:6134: $? = 0
configure:6134: result: yes
configure:6134: checking for inttypes.h
configure:6134: gcc -c -g -O2  conftest.c >&5
configure:6134: $? = 0
configure:6134: result: yes
configure:6134: checking for stdint.h
configure:6134: gcc -c -g -O2  conftest.c >&5
configure:6134: $? = 0
configure:6134: result: yes
configure:6134: checking for unistd.h
configure:6134: gcc -c -g -O2  conftest.c >&5
configure:6134: $? = 0
configure:6134: result: yes
configure:6149: checking for dlfcn.h
configure:6149: gcc -c -g -O2  conftest.c >&5
configure:6149: $? = 0
configure:6149: result: yes
configure:6333: checking for objdir
configure:6348: result: .libs
configure:6640: checking if gcc supports -fno-rtti -fno-exceptions
configure:6658: gcc -c -g -O2  -fno-rtti -fno-exceptions conftest.c >&5
cc1: warning: command line option "-fno-rtti" is valid for C++/ObjC++ but not for C
configure:6662: $? = 0
configure:6675: result: no
configure:6695: checking for gcc option to produce PIC
configure:6967: result: -fno-common -DPIC
configure:6979: checking if gcc PIC flag -fno-common -DPIC works
configure:6997: gcc -c -g -O2  -fno-common -DPIC -DPIC conftest.c >&5
configure:7001: $? = 0
configure:7014: result: yes
configure:7038: checking if gcc static flag -static works
configure:7066: result: no
configure:7081: checking if gcc supports -c -o file.o
configure:7102: gcc -c -g -O2  -o out/conftest2.o conftest.c >&5
configure:7106: $? = 0
configure:7128: result: yes
configure:7136: checking if gcc supports -c -o file.o
configure:7183: result: yes
configure:7216: checking whether the gcc linker (/usr/libexec/gcc/i686-apple-darwin10/4.2.1/ld) supports shared libraries
configure:8207: result: yes
configure:8446: checking dynamic linker characteristics
configure:9109: result: darwin10.3.0 dyld
configure:9211: checking how to hardcode library paths into programs
configure:9236: result: immediate
configure:9756: checking whether stripping libraries is possible
configure:9770: result: yes
configure:9796: checking if libtool supports shared libraries
configure:9798: result: yes
configure:9801: checking whether to build shared libraries
configure:9822: result: yes
configure:9825: checking whether to build static libraries
configure:9829: result: yes
configure:9882: checking for a BSD-compatible install
configure:9950: result: /usr/bin/install -c
configure:9961: checking whether build environment is sane
configure:10011: result: yes
configure:10152: checking for a thread-safe mkdir -p
configure:10191: result: ./install-sh -c -d
configure:10204: checking for gawk
configure:10234: result: no
configure:10204: checking for mawk
configure:10234: result: no
configure:10204: checking for nawk
configure:10234: result: no
configure:10204: checking for awk
configure:10220: found /usr/bin/awk
configure:10231: result: awk
configure:10242: checking whether make sets $(MAKE)
configure:10264: result: yes
configure:10294: checking for style of include used by make
configure:10322: result: GNU
configure:10407: checking dependency style of gcc
configure:10517: result: gcc3
configure:10544: checking for a fink or macports installation at /sw and /opt
configure:10556: result: found macports!
configure:10558: Adding -I/opt/include to CPPFLAGS
configure:10561: Adding -L/opt/lib to LDFLAGS
configure:10578: checking for bison
configure:10594: found /usr/bin/bison
configure:10605: result: bison -y
configure:10665: checking for gcc
configure:10692: result: gcc
configure:10921: checking for C compiler version
configure:10930: gcc --version >&5
i686-apple-darwin10-gcc-4.2.1 (GCC) 4.2.1 (Apple Inc. build 5659)
Copyright (C) 2007 Free Software Foundation, Inc.
This is free software; see the source for copying conditions.  There is NO
warranty; not even for MERCHANTABILITY or FITNESS FOR A PARTICULAR PURPOSE.

configure:10941: $? = 0
configure:10930: gcc -v >&5
Using built-in specs.
Target: i686-apple-darwin10
Configured with: /var/tmp/gcc/gcc-5659~1/src/configure --disable-checking --enable-werror --prefix=/usr --mandir=/usr/share/man --enable-languages=c,objc,c++,obj-c++ --program-transform-name=/^[cg][^.-]*$/s/$/-4.2/ --with-slibdir=/usr/lib --build=i686-apple-darwin10 --with-gxx-include-dir=/usr/include/c++/4.2.1 --host=i686-apple-darwin10 --target=i686-apple-darwin10
Thread model: posix
gcc version 4.2.1 (Apple Inc. build 5659)
configure:10941: $? = 0
configure:10930: gcc -V >&5
gcc-4.2: argument to `-V' is missing
configure:10941: $? = 1
configure:10930: gcc -qversion >&5
i686-apple-darwin10-gcc-4.2.1: no input files
configure:10941: $? = 1
configure:10945: checking whether we are using the GNU C compiler
configure:10973: result: yes
configure:10982: checking whether gcc accepts -g
configure:11043: result: yes
configure:11060: checking for gcc option to accept ISO C89
configure:11137: result: none needed
configure:11158: checking whether ln -s works
configure:11162: result: yes
configure:11169: checking whether make sets $(MAKE)
configure:11191: result: yes
configure:11205: checking how to run the C preprocessor
configure:11275: result: gcc -E
configure:11295: gcc -E -I/opt/include  conftest.c
configure:11295: $? = 0
configure:11309: gcc -E -I/opt/include  conftest.c
conftest.c:23:28: error: ac_nonexistent.h: No such file or directory
configure:11309: $? = 1
configure: failed program was:
| /* confdefs.h */
| #define PACKAGE_NAME "fenc"
| #define PACKAGE_TARNAME "fenc"
| #define PACKAGE_VERSION "0.1.2"
| #define PACKAGE_STRING "fenc 0.1.2"
| #define PACKAGE_BUGREPORT "libfenc@gmail.com"
| #define PACKAGE_URL ""
| #define STDC_HEADERS 1
| #define HAVE_SYS_TYPES_H 1
| #define HAVE_SYS_STAT_H 1
| #define HAVE_STDLIB_H 1
| #define HAVE_STRING_H 1
| #define HAVE_MEMORY_H 1
| #define HAVE_STRINGS_H 1
| #define HAVE_INTTYPES_H 1
| #define HAVE_STDINT_H 1
| #define HAVE_UNISTD_H 1
| #define HAVE_DLFCN_H 1
| #define LT_OBJDIR ".libs/"
| #define PACKAGE "libfenc"
| #define VERSION "0.1.2"
| /* end confdefs.h.  */
| #include <ac_nonexistent.h>
configure:11340: checking for pow in -lm
configure:11365: gcc -o conftest -g -O2 -I/opt/include  -L/opt/lib  conftest.c -lm   >&5
conftest.c:30: warning: conflicting types for built-in function 'pow'
ld: warning: directory '/opt/lib' following -L not found
configure:11365: $? = 0
configure:11374: result: yes
configure:11393: checking for __gmpz_init in -lgmp
configure:11418: gcc -o conftest -g -O2 -I/opt/include  -L/opt/lib  conftest.c -lgmp  -lm  >&5
ld: warning: directory '/opt/lib' following -L not found
configure:11418: $? = 0
configure:11427: result: yes
configure:11458: checking for working alloca.h
configure:11475: gcc -o conftest -g -O2 -I/opt/include  -L/opt/lib  conftest.c  >&5
ld: warning: directory '/opt/lib' following -L not found
configure:11475: $? = 0
configure:11483: result: yes
configure:11491: checking for alloca
configure:11528: gcc -o conftest -g -O2 -I/opt/include  -L/opt/lib  conftest.c  >&5
ld: warning: directory '/opt/lib' following -L not found
configure:11528: $? = 0
configure:11536: result: yes
configure:11649: checking libintl.h usability
configure:11649: gcc -c -g -O2 -I/opt/include  conftest.c >&5
conftest.c:60:21: error: libintl.h: No such file or directory
configure:11649: $? = 1
configure: failed program was:
| /* confdefs.h */
| #define PACKAGE_NAME "fenc"
| #define PACKAGE_TARNAME "fenc"
| #define PACKAGE_VERSION "0.1.2"
| #define PACKAGE_STRING "fenc 0.1.2"
| #define PACKAGE_BUGREPORT "libfenc@gmail.com"
| #define PACKAGE_URL ""
| #define STDC_HEADERS 1
| #define HAVE_SYS_TYPES_H 1
| #define HAVE_SYS_STAT_H 1
| #define HAVE_STDLIB_H 1
| #define HAVE_STRING_H 1
| #define HAVE_MEMORY_H 1
| #define HAVE_STRINGS_H 1
| #define HAVE_INTTYPES_H 1
| #define HAVE_STDINT_H 1
| #define HAVE_UNISTD_H 1
| #define HAVE_DLFCN_H 1
| #define LT_OBJDIR ".libs/"
| #define PACKAGE "libfenc"
| #define VERSION "0.1.2"
| #define HAVE_LIBM 1
| #define HAVE_LIBGMP 1
| #define HAVE_ALLOCA_H 1
| #define HAVE_ALLOCA 1
| /* end confdefs.h.  */
| #include <stdio.h>
| #ifdef HAVE_SYS_TYPES_H
| # include <sys/types.h>
| #endif
| #ifdef HAVE_SYS_STAT_H
| # include <sys/stat.h>
| #endif
| #ifdef STDC_HEADERS
| # include <stdlib.h>
| # include <stddef.h>
| #else
| # ifdef HAVE_STDLIB_H
| #  include <stdlib.h>
| # endif
| #endif
| #ifdef HAVE_STRING_H
| # if !defined STDC_HEADERS && defined HAVE_MEMORY_H
| #  include <memory.h>
| # endif
| # include <string.h>
| #endif
| #ifdef HAVE_STRINGS_H
| # include <strings.h>
| #endif
| #ifdef HAVE_INTTYPES_H
| # include <inttypes.h>
| #endif
| #ifdef HAVE_STDINT_H
| # include <stdint.h>
| #endif
| #ifdef HAVE_UNISTD_H
| # include <unistd.h>
| #endif
| #include <libintl.h>
configure:11649: result: no
configure:11649: checking libintl.h presence
configure:11649: gcc -E -I/opt/include  conftest.c
conftest.c:27:21: error: libintl.h: No such file or directory
configure:11649: $? = 1
configure: failed program was:
| /* confdefs.h */
| #define PACKAGE_NAME "fenc"
| #define PACKAGE_TARNAME "fenc"
| #define PACKAGE_VERSION "0.1.2"
| #define PACKAGE_STRING "fenc 0.1.2"
| #define PACKAGE_BUGREPORT "libfenc@gmail.com"
| #define PACKAGE_URL ""
| #define STDC_HEADERS 1
| #define HAVE_SYS_TYPES_H 1
| #define HAVE_SYS_STAT_H 1
| #define HAVE_STDLIB_H 1
| #define HAVE_STRING_H 1
| #define HAVE_MEMORY_H 1
| #define HAVE_STRINGS_H 1
| #define HAVE_INTTYPES_H 1
| #define HAVE_STDINT_H 1
| #define HAVE_UNISTD_H 1
| #define HAVE_DLFCN_H 1
| #define LT_OBJDIR ".libs/"
| #define PACKAGE "libfenc"
| #define VERSION "0.1.2"
| #define HAVE_LIBM 1
| #define HAVE_LIBGMP 1
| #define HAVE_ALLOCA_H 1
| #define HAVE_ALLOCA 1
| /* end confdefs.h.  */
| #include <libintl.h>
configure:11649: result: no
configure:11649: checking for libintl.h
configure:11649: result: no
configure:11649: checking malloc.h usability
configure:11649: gcc -c -g -O2 -I/opt/include  conftest.c >&5
conftest.c:60:20: error: malloc.h: No such file or directory
configure:11649: $? = 1
configure: failed program was:
| /* confdefs.h */
| #define PACKAGE_NAME "fenc"
| #define PACKAGE_TARNAME "fenc"
| #define PACKAGE_VERSION "0.1.2"
| #define PACKAGE_STRING "fenc 0.1.2"
| #define PACKAGE_BUGREPORT "libfenc@gmail.com"
| #define PACKAGE_URL ""
| #define STDC_HEADERS 1
| #define HAVE_SYS_TYPES_H 1
| #define HAVE_SYS_STAT_H 1
| #define HAVE_STDLIB_H 1
| #define HAVE_STRING_H 1
| #define HAVE_MEMORY_H 1
| #define HAVE_STRINGS_H 1
| #define HAVE_INTTYPES_H 1
| #define HAVE_STDINT_H 1
| #define HAVE_UNISTD_H 1
| #define HAVE_DLFCN_H 1
| #define LT_OBJDIR ".libs/"
| #define PACKAGE "libfenc"
| #define VERSION "0.1.2"
| #define HAVE_LIBM 1
| #define HAVE_LIBGMP 1
| #define HAVE_ALLOCA_H 1
| #define HAVE_ALLOCA 1
| /* end confdefs.h.  */
| #include <stdio.h>
| #ifdef HAVE_SYS_TYPES_H
| # include <sys/types.h>
| #endif
| #ifdef HAVE_SYS_STAT_H
| # include <sys/stat.h>
| #endif
| #ifdef STDC_HEADERS
| # include <stdlib.h>
| # include <stddef.h>
| #else
| # ifdef HAVE_STDLIB_H
| #  include <stdlib.h>
| # endif
| #endif
| #ifdef HAVE_STRING_H
| # if !defined STDC_HEADERS && defined HAVE_MEMORY_H
| #  include <memory.h>
| # endif
| # include <string.h>
| #endif
| #ifdef HAVE_STRINGS_H
| # include <strings.h>
| #endif
| #ifdef HAVE_INTTYPES_H
| # include <inttypes.h>
| #endif
| #ifdef HAVE_STDINT_H
| # include <stdint.h>
| #endif
| #ifdef HAVE_UNISTD_H
| # include <unistd.h>
| #endif
| #include <malloc.h>
configure:11649: result: no
configure:11649: checking malloc.h presence
configure:11649: gcc -E -I/opt/include  conftest.c
conftest.c:27:20: error: malloc.h: No such file or directory
configure:11649: $? = 1
configure: failed program was:
| /* confdefs.h */
| #define PACKAGE_NAME "fenc"
| #define PACKAGE_TARNAME "fenc"
| #define PACKAGE_VERSION "0.1.2"
| #define PACKAGE_STRING "fenc 0.1.2"
| #define PACKAGE_BUGREPORT "libfenc@gmail.com"
| #define PACKAGE_URL ""
| #define STDC_HEADERS 1
| #define HAVE_SYS_TYPES_H 1
| #define HAVE_SYS_STAT_H 1
| #define HAVE_STDLIB_H 1
| #define HAVE_STRING_H 1
| #define HAVE_MEMORY_H 1
| #define HAVE_STRINGS_H 1
| #define HAVE_INTTYPES_H 1
| #define HAVE_STDINT_H 1
| #define HAVE_UNISTD_H 1
| #define HAVE_DLFCN_H 1
| #define LT_OBJDIR ".libs/"
| #define PACKAGE "libfenc"
| #define VERSION "0.1.2"
| #define HAVE_LIBM 1
| #define HAVE_LIBGMP 1
| #define HAVE_ALLOCA_H 1
| #define HAVE_ALLOCA 1
| /* end confdefs.h.  */
| #include <malloc.h>
configure:11649: result: no
configure:11649: checking for malloc.h
configure:11649: result: no
configure:11649: checking stddef.h usability
configure:11649: gcc -c -g -O2 -I/opt/include  conftest.c >&5
configure:11649: $? = 0
configure:11649: result: yes
configure:11649: checking stddef.h presence
configure:11649: gcc -E -I/opt/include  conftest.c
configure:11649: $? = 0
configure:11649: result: yes
configure:11649: checking for stddef.h
configure:11649: result: yes
configure:11649: checking for stdint.h
configure:11649: result: yes
configure:11649: checking for stdlib.h
configure:11649: result: yes
configure:11649: checking for string.h
configure:11649: result: yes
configure:11662: checking for size_t
configure:11662: gcc -c -g -O2 -I/opt/include  conftest.c >&5
configure:11662: $? = 0
configure:11662: gcc -c -g -O2 -I/opt/include  conftest.c >&5
conftest.c: In function 'main':
conftest.c:67: error: expected expression before ')' token
configure:11662: $? = 1
configure: failed program was:
| /* confdefs.h */
| #define PACKAGE_NAME "fenc"
| #define PACKAGE_TARNAME "fenc"
| #define PACKAGE_VERSION "0.1.2"
| #define PACKAGE_STRING "fenc 0.1.2"
| #define PACKAGE_BUGREPORT "libfenc@gmail.com"
| #define PACKAGE_URL ""
| #define STDC_HEADERS 1
| #define HAVE_SYS_TYPES_H 1
| #define HAVE_SYS_STAT_H 1
| #define HAVE_STDLIB_H 1
| #define HAVE_STRING_H 1
| #define HAVE_MEMORY_H 1
| #define HAVE_STRINGS_H 1
| #define HAVE_INTTYPES_H 1
| #define HAVE_STDINT_H 1
| #define HAVE_UNISTD_H 1
| #define HAVE_DLFCN_H 1
| #define LT_OBJDIR ".libs/"
| #define PACKAGE "libfenc"
| #define VERSION "0.1.2"
| #define HAVE_LIBM 1
| #define HAVE_LIBGMP 1
| #define HAVE_ALLOCA_H 1
| #define HAVE_ALLOCA 1
| #define HAVE_STDDEF_H 1
| #define HAVE_STDINT_H 1
| #define HAVE_STDLIB_H 1
| #define HAVE_STRING_H 1
| /* end confdefs.h.  */
| #include <stdio.h>
| #ifdef HAVE_SYS_TYPES_H
| # include <sys/types.h>
| #endif
| #ifdef HAVE_SYS_STAT_H
| # include <sys/stat.h>
| #endif
| #ifdef STDC_HEADERS
| # include <stdlib.h>
| # include <stddef.h>
| #else
| # ifdef HAVE_STDLIB_H
| #  include <stdlib.h>
| # endif
| #endif
| #ifdef HAVE_STRING_H
| # if !defined STDC_HEADERS && defined HAVE_MEMORY_H
| #  include <memory.h>
| # endif
| # include <string.h>
| #endif
| #ifdef HAVE_STRINGS_H
| # include <strings.h>
| #endif
| #ifdef HAVE_INTTYPES_H
| # include <inttypes.h>
| #endif
| #ifdef HAVE_STDINT_H
| # include <stdint.h>
| #endif
| #ifdef HAVE_UNISTD_H
| # include <unistd.h>
| #endif
| int
| main ()
| {
| if (sizeof ((size_t)))
| 	    return 0;
|   ;
|   return 0;
| }
configure:11662: result: yes
configure:11673: checking for ssize_t
configure:11673: gcc -c -g -O2 -I/opt/include  conftest.c >&5
configure:11673: $? = 0
configure:11673: gcc -c -g -O2 -I/opt/include  conftest.c >&5
conftest.c: In function 'main':
conftest.c:67: error: expected expression before ')' token
configure:11673: $? = 1
configure: failed program was:
| /* confdefs.h */
| #define PACKAGE_NAME "fenc"
| #define PACKAGE_TARNAME "fenc"
| #define PACKAGE_VERSION "0.1.2"
| #define PACKAGE_STRING "fenc 0.1.2"
| #define PACKAGE_BUGREPORT "libfenc@gmail.com"
| #define PACKAGE_URL ""
| #define STDC_HEADERS 1
| #define HAVE_SYS_TYPES_H 1
| #define HAVE_SYS_STAT_H 1
| #define HAVE_STDLIB_H 1
| #define HAVE_STRING_H 1
| #define HAVE_MEMORY_H 1
| #define HAVE_STRINGS_H 1
| #define HAVE_INTTYPES_H 1
| #define HAVE_STDINT_H 1
| #define HAVE_UNISTD_H 1
| #define HAVE_DLFCN_H 1
| #define LT_OBJDIR ".libs/"
| #define PACKAGE "libfenc"
| #define VERSION "0.1.2"
| #define HAVE_LIBM 1
| #define HAVE_LIBGMP 1
| #define HAVE_ALLOCA_H 1
| #define HAVE_ALLOCA 1
| #define HAVE_STDDEF_H 1
| #define HAVE_STDINT_H 1
| #define HAVE_STDLIB_H 1
| #define HAVE_STRING_H 1
| /* end confdefs.h.  */
| #include <stdio.h>
| #ifdef HAVE_SYS_TYPES_H
| # include <sys/types.h>
| #endif
| #ifdef HAVE_SYS_STAT_H
| # include <sys/stat.h>
| #endif
| #ifdef STDC_HEADERS
| # include <stdlib.h>
| # include <stddef.h>
| #else
| # ifdef HAVE_STDLIB_H
| #  include <stdlib.h>
| # endif
| #endif
| #ifdef HAVE_STRING_H
| # if !defined STDC_HEADERS && defined HAVE_MEMORY_H
| #  include <memory.h>
| # endif
| # include <string.h>
| #endif
| #ifdef HAVE_STRINGS_H
| # include <strings.h>
| #endif
| #ifdef HAVE_INTTYPES_H
| # include <inttypes.h>
| #endif
| #ifdef HAVE_STDINT_H
| # include <stdint.h>
| #endif
| #ifdef HAVE_UNISTD_H
| # include <unistd.h>
| #endif
| int
| main ()
| {
| if (sizeof ((ssize_t)))
| 	    return 0;
|   ;
|   return 0;
| }
configure:11673: result: yes
configure:11684: checking for uint64_t
configure:11684: gcc -c -g -O2 -I/opt/include  conftest.c >&5
configure:11684: $? = 0
configure:11684: result: yes
configure:11720: checking for stdlib.h
configure:11720: result: yes
configure:11730: checking for GNU libc compatible malloc
configure:11754: gcc -o conftest -g -O2 -Wall -W -Wfloat-equal -Wpointer-arith -Wcast-align -Wredundant-decls -Wendif-labels -Wshadow -pipe -ffast-math 	-U__STRICT_ANSI__ -g -O2 -I/opt/include  -L/opt/lib  conftest.c  >&5
ld: warning: directory '/opt/lib' following -L not found
configure:11754: $? = 0
configure:11754: ./conftest
configure:11754: $? = 0
configure:11764: result: yes
configure:11788: checking for memset
configure:11788: gcc -o conftest -g -O2 -Wall -W -Wfloat-equal -Wpointer-arith -Wcast-align -Wredundant-decls -Wendif-labels -Wshadow -pipe -ffast-math 	-U__STRICT_ANSI__ -g -O2 -I/opt/include  -L/opt/lib  conftest.c  >&5
conftest.c:56: warning: conflicting types for built-in function 'memset'
ld: warning: directory '/opt/lib' following -L not found
configure:11788: $? = 0
configure:11788: result: yes
configure:11788: checking for strchr
configure:11788: gcc -o conftest -g -O2 -Wall -W -Wfloat-equal -Wpointer-arith -Wcast-align -Wredundant-decls -Wendif-labels -Wshadow -pipe -ffast-math 	-U__STRICT_ANSI__ -g -O2 -I/opt/include  -L/opt/lib  conftest.c  >&5
conftest.c:57: warning: conflicting types for built-in function 'strchr'
ld: warning: directory '/opt/lib' following -L not found
configure:11788: $? = 0
configure:11788: result: yes
configure:11788: checking for strdup
configure:11788: gcc -o conftest -g -O2 -Wall -W -Wfloat-equal -Wpointer-arith -Wcast-align -Wredundant-decls -Wendif-labels -Wshadow -pipe -ffast-math 	-U__STRICT_ANSI__ -g -O2 -I/opt/include  -L/opt/lib  conftest.c  >&5
conftest.c:58: warning: conflicting types for built-in function 'strdup'
ld: warning: directory '/opt/lib' following -L not found
configure:11788: $? = 0
configure:11788: result: yes
configure:11919: creating ./config.status

## ---------------------- ##
## Running config.status. ##
## ---------------------- ##

This file was extended by fenc config.status 0.1.2, which was
generated by GNU Autoconf 2.65.  Invocation command line was

  CONFIG_FILES    = 
  CONFIG_HEADERS  = 
  CONFIG_LINKS    = 
  CONFIG_COMMANDS = 
  $ ./config.status 

on minnie.isi.jhu.edu

config.status:1075: creating Makefile
config.status:1075: creating config.h
config.status:1247: config.h is unchanged
config.status:1295: executing libtool commands
config.status:1295: executing depfiles commands

## ---------------- ##
## Cache variables. ##
## ---------------- ##

ac_cv_build=i386-apple-darwin10.3.0
ac_cv_c_compiler_gnu=yes
ac_cv_c_uint64_t=yes
ac_cv_env_CC_set=
ac_cv_env_CC_value=
ac_cv_env_CFLAGS_set=
ac_cv_env_CFLAGS_value=
ac_cv_env_CPPFLAGS_set=
ac_cv_env_CPPFLAGS_value=
ac_cv_env_CPP_set=
ac_cv_env_CPP_value=
ac_cv_env_LDFLAGS_set=
ac_cv_env_LDFLAGS_value=
ac_cv_env_LIBS_set=
ac_cv_env_LIBS_value=
ac_cv_env_YACC_set=
ac_cv_env_YACC_value=
ac_cv_env_YFLAGS_set=
ac_cv_env_YFLAGS_value=
ac_cv_env_build_alias_set=
ac_cv_env_build_alias_value=
ac_cv_env_host_alias_set=
ac_cv_env_host_alias_value=
ac_cv_env_target_alias_set=
ac_cv_env_target_alias_value=
ac_cv_func_alloca_works=yes
ac_cv_func_malloc_0_nonnull=yes
ac_cv_func_memset=yes
ac_cv_func_strchr=yes
ac_cv_func_strdup=yes
ac_cv_header_dlfcn_h=yes
ac_cv_header_inttypes_h=yes
ac_cv_header_libintl_h=no
ac_cv_header_malloc_h=no
ac_cv_header_memory_h=yes
ac_cv_header_stdc=yes
ac_cv_header_stddef_h=yes
ac_cv_header_stdint_h=yes
ac_cv_header_stdlib_h=yes
ac_cv_header_string_h=yes
ac_cv_header_strings_h=yes
ac_cv_header_sys_stat_h=yes
ac_cv_header_sys_types_h=yes
ac_cv_header_unistd_h=yes
ac_cv_host=i386-apple-darwin10.3.0
ac_cv_lib_gmp___gmpz_init=yes
ac_cv_lib_m_pow=yes
ac_cv_objext=o
ac_cv_path_EGREP='/usr/bin/grep -E'
ac_cv_path_FGREP='/usr/bin/grep -F'
ac_cv_path_GREP=/usr/bin/grep
ac_cv_path_SED=/usr/bin/sed
ac_cv_path_install='/usr/bin/install -c'
ac_cv_prog_AWK=awk
ac_cv_prog_CPP='gcc -E'
ac_cv_prog_YACC='bison -y'
ac_cv_prog_ac_ct_AR=ar
ac_cv_prog_ac_ct_CC=gcc
ac_cv_prog_ac_ct_DSYMUTIL=dsymutil
ac_cv_prog_ac_ct_LIPO=lipo
ac_cv_prog_ac_ct_NMEDIT=nmedit
ac_cv_prog_ac_ct_OTOOL=otool
ac_cv_prog_ac_ct_RANLIB=ranlib
ac_cv_prog_ac_ct_STRIP=strip
ac_cv_prog_cc_c89=
ac_cv_prog_cc_g=yes
ac_cv_prog_make_make_set=yes
ac_cv_type_size_t=yes
ac_cv_type_ssize_t=yes
ac_cv_working_alloca_h=yes
am_cv_CC_dependencies_compiler_type=gcc3
lt_cv_apple_cc_single_mod=yes
lt_cv_deplibs_check_method=pass_all
lt_cv_file_magic_cmd='$MAGIC_CMD'
lt_cv_file_magic_test_file=
lt_cv_ld_exported_symbols_list=yes
lt_cv_ld_reload_flag=-r
lt_cv_nm_interface='BSD nm'
lt_cv_objdir=.libs
lt_cv_path_LD=/usr/libexec/gcc/i686-apple-darwin10/4.2.1/ld
lt_cv_path_NM=/usr/bin/nm
lt_cv_prog_compiler_c_o=yes
lt_cv_prog_compiler_pic_works=yes
lt_cv_prog_compiler_rtti_exceptions=no
lt_cv_prog_compiler_static_works=no
lt_cv_prog_gnu_ld=no
lt_cv_sys_global_symbol_pipe='sed -n -e '\''s/^.*[	 ]\([BCDEGRST][BCDEGRST]*\)[	 ][	 ]*_\([_A-Za-z][_A-Za-z0-9]*\)$/\1 _\2 \2/p'\'''
lt_cv_sys_global_symbol_to_c_name_address='sed -n -e '\''s/^: \([^ ]*\) $/  {\"\1\", (void *) 0},/p'\'' -e '\''s/^[BCDEGRST]* \([^ ]*\) \([^ ]*\)$/  {"\2", (void *) \&\2},/p'\'''
lt_cv_sys_global_symbol_to_c_name_address_lib_prefix='sed -n -e '\''s/^: \([^ ]*\) $/  {\"\1\", (void *) 0},/p'\'' -e '\''s/^[BCDEGRST]* \([^ ]*\) \(lib[^ ]*\)$/  {"\2", (void *) \&\2},/p'\'' -e '\''s/^[BCDEGRST]* \([^ ]*\) \([^ ]*\)$/  {"lib\2", (void *) \&\2},/p'\'''
lt_cv_sys_global_symbol_to_cdecl='sed -n -e '\''s/^T .* \(.*\)$/extern int \1();/p'\'' -e '\''s/^[BCDEGRST]* .* \(.*\)$/extern char \1;/p'\'''
lt_cv_sys_max_cmd_len=196608

## ----------------- ##
## Output variables. ##
## ----------------- ##

ACLOCAL='${SHELL} /Users/mrushanan/Downloads/test/libfenc/src/missing --run aclocal-1.11'
ALLOCA=''
AMDEPBACKSLASH='\'
AMDEP_FALSE='#'
AMDEP_TRUE=''
AMTAR='${SHELL} /Users/mrushanan/Downloads/test/libfenc/src/missing --run tar'
AR='ar'
AUTOCONF='${SHELL} /Users/mrushanan/Downloads/test/libfenc/src/missing --run autoconf'
AUTOHEADER='${SHELL} /Users/mrushanan/Downloads/test/libfenc/src/missing --run autoheader'
AUTOMAKE='${SHELL} /Users/mrushanan/Downloads/test/libfenc/src/missing --run automake-1.11'
AWK='awk'
CC='gcc'
CCDEPMODE='depmode=gcc3'
CFLAGS='-g -O2 -Wall -W -Wfloat-equal -Wpointer-arith -Wcast-align -Wredundant-decls -Wendif-labels -Wshadow -pipe -ffast-math 	-U__STRICT_ANSI__ -g -O2'
CPP='gcc -E'
CPPFLAGS='-I/opt/include '
CYGPATH_W='echo'
DEFS='-DHAVE_CONFIG_H'
DEPDIR='.deps'
DSYMUTIL='dsymutil'
DUMPBIN=''
ECHO_C='\c'
ECHO_N=''
ECHO_T=''
EGREP='/usr/bin/grep -E'
EXEEXT=''
FGREP='/usr/bin/grep -F'
GREP='/usr/bin/grep'
INSTALL_DATA='${INSTALL} -m 644'
INSTALL_PROGRAM='${INSTALL}'
INSTALL_SCRIPT='${INSTALL}'
INSTALL_STRIP_PROGRAM='$(install_sh) -c -s'
LD='/usr/libexec/gcc/i686-apple-darwin10/4.2.1/ld'
LDFLAGS='-L/opt/lib '
LIBOBJS=''
LIBS=''
LIBTOOL='$(SHELL) $(top_builddir)/libtool'
LIPO='lipo'
LN_S='ln -s'
LTLIBOBJS=''
MAKEINFO='${SHELL} /Users/mrushanan/Downloads/test/libfenc/src/missing --run makeinfo'
MKDIR_P='./install-sh -c -d'
NM='/usr/bin/nm'
NMEDIT='nmedit'
OBJDUMP='false'
OBJEXT='o'
OTOOL64=':'
OTOOL='otool'
PACKAGE='libfenc'
PACKAGE_BUGREPORT='libfenc@gmail.com'
PACKAGE_NAME='fenc'
PACKAGE_STRING='fenc 0.1.2'
PACKAGE_TARNAME='fenc'
PACKAGE_URL=''
PACKAGE_VERSION='0.1.2'
PATH_SEPARATOR=':'
RANLIB='ranlib'
SED='/usr/bin/sed'
SET_MAKE=''
SHELL='/bin/sh'
STRIP='strip'
VERSION='0.1.2'
YACC='bison -y'
YFLAGS=''
ac_ct_CC='gcc'
ac_ct_DUMPBIN=''
am__EXEEXT_FALSE=''
am__EXEEXT_TRUE='#'
am__fastdepCC_FALSE='#'
am__fastdepCC_TRUE=''
am__include='include'
am__isrc=''
am__leading_dot='.'
am__quote=''
am__tar='${AMTAR} chof - "$$tardir"'
am__untar='${AMTAR} xf -'
bindir='${exec_prefix}/bin'
build='i386-apple-darwin10.3.0'
build_alias=''
build_cpu='i386'
build_os='darwin10.3.0'
build_vendor='apple'
datadir='${datarootdir}'
datarootdir='${prefix}/share'
docdir='${datarootdir}/doc/${PACKAGE_TARNAME}'
dvidir='${docdir}'
exec_prefix='${prefix}'
host='i386-apple-darwin10.3.0'
host_alias=''
host_cpu='i386'
host_os='darwin10.3.0'
host_vendor='apple'
htmldir='${docdir}'
includedir='${prefix}/include'
infodir='${datarootdir}/info'
install_sh='${SHELL} /Users/mrushanan/Downloads/test/libfenc/src/install-sh'
libdir='${exec_prefix}/lib'
libexecdir='${exec_prefix}/libexec'
localedir='${datarootdir}/locale'
localstatedir='${prefix}/var'
lt_ECHO='/bin/echo'
mandir='${datarootdir}/man'
mkdir_p='$(top_builddir)/./install-sh -c -d'
oldincludedir='/usr/include'
pdfdir='${docdir}'
prefix='/usr/local'
program_transform_name='s,x,x,'
psdir='${docdir}'
sbindir='${exec_prefix}/sbin'
sharedstatedir='${prefix}/com'
sysconfdir='${prefix}/etc'
target_alias=''

## ----------- ##
## confdefs.h. ##
## ----------- ##

/* confdefs.h */
#define PACKAGE_NAME "fenc"
#define PACKAGE_TARNAME "fenc"
#define PACKAGE_VERSION "0.1.2"
#define PACKAGE_STRING "fenc 0.1.2"
#define PACKAGE_BUGREPORT "libfenc@gmail.com"
#define PACKAGE_URL ""
#define STDC_HEADERS 1
#define HAVE_SYS_TYPES_H 1
#define HAVE_SYS_STAT_H 1
#define HAVE_STDLIB_H 1
#define HAVE_STRING_H 1
#define HAVE_MEMORY_H 1
#define HAVE_STRINGS_H 1
#define HAVE_INTTYPES_H 1
#define HAVE_STDINT_H 1
#define HAVE_UNISTD_H 1
#define HAVE_DLFCN_H 1
#define LT_OBJDIR ".libs/"
#define PACKAGE "libfenc"
#define VERSION "0.1.2"
#define HAVE_LIBM 1
#define HAVE_LIBGMP 1
#define HAVE_ALLOCA_H 1
#define HAVE_ALLOCA 1
#define HAVE_STDDEF_H 1
#define HAVE_STDINT_H 1
#define HAVE_STDLIB_H 1
#define HAVE_STRING_H 1
#define HAVE_STDLIB_H 1
#define HAVE_MALLOC 1
#define HAVE_MEMSET 1
#define HAVE_STRCHR 1
#define HAVE_STRDUP 1

configure: exit 0
